Log file open, 02/20/23 17:53:50
LogWindows: Failed to load 'aqProf.dll' (GetLastError=126)
LogWindows: File 'aqProf.dll' does not exist
LogWindows: Failed to load 'VtuneApi.dll' (GetLastError=126)
LogWindows: File 'VtuneApi.dll' does not exist
LogWindows: Failed to load 'VtuneApi32e.dll' (GetLastError=126)
LogWindows: File 'VtuneApi32e.dll' does not exist
LogConsoleResponse: Display: Failed to find resolution value strings in scalability ini. Falling back to default.
LogConsoleResponse: Display: Failed to find resolution value strings in scalability ini. Falling back to default.
LogInit: Display: Running engine for game: RollingGame
LogPlatformFile: Not using cached read wrapper
LogTaskGraph: Started task graph with 5 named threads and 23 total threads with 3 sets of task threads.
LogStats: Stats thread started at 2.477699
LogICUInternationalization: ICU TimeZone Detection - Raw Offset: +3:00, Platform Override: ''
LogInit: Display: Loading text-based GConfig....
LogPluginManager: Mounting plugin MeshPainting
LogPluginManager: Mounting plugin XGEController
LogPluginManager: Mounting plugin Paper2D
LogPluginManager: Mounting plugin AISupport
LogPluginManager: Mounting plugin EnvironmentQueryEditor
LogPluginManager: Mounting plugin LiveLink
LogPluginManager: Mounting plugin LightPropagationVolume
LogPluginManager: Mounting plugin CameraShakePreviewer
LogPluginManager: Mounting plugin GameplayCameras
LogPluginManager: Mounting plugin OodleData
LogPluginManager: Mounting plugin OodleNetwork
LogPluginManager: Mounting plugin AssetManagerEditor
LogPluginManager: Mounting plugin CurveEditorTools
LogPluginManager: Mounting plugin CryptoKeys
LogPluginManager: Mounting plugin DataValidation
LogPluginManager: Mounting plugin FacialAnimation
LogPluginManager: Mounting plugin GameplayTagsEditor
LogPluginManager: Mounting plugin GeometryMode
LogPluginManager: Mounting plugin MaterialAnalyzer
LogPluginManager: Mounting plugin MacGraphicsSwitching
LogPluginManager: Mounting plugin MobileLauncherProfileWizard
LogPluginManager: Mounting plugin PluginBrowser
LogPluginManager: Mounting plugin SpeedTreeImporter
LogPluginManager: Mounting plugin AnimationSharing
LogPluginManager: Mounting plugin CLionSourceCodeAccess
LogPluginManager: Mounting plugin AlembicImporter
LogPluginManager: Mounting plugin DatasmithContent
LogPluginManager: Mounting plugin AutomationUtils
LogPluginManager: Mounting plugin BackChannel
LogPluginManager: Mounting plugin CodeLiteSourceCodeAccess
LogPluginManager: Mounting plugin ChaosCloth
LogPluginManager: Mounting plugin ChaosClothEditor
LogPluginManager: Mounting plugin ChaosEditor
LogPluginManager: Mounting plugin GitSourceControl
LogPluginManager: Mounting plugin Niagara
LogPluginManager: Mounting plugin ChaosNiagara
LogPluginManager: Mounting plugin KDevelopSourceCodeAccess
LogPluginManager: Mounting plugin VariantManagerContent
LogPluginManager: Mounting plugin ChaosSolverPlugin
LogPluginManager: Mounting plugin NullSourceCodeAccess
LogPluginManager: Mounting plugin PerforceSourceControl
LogPluginManager: Mounting plugin PlasticSourceControl
LogPluginManager: Mounting plugin PluginUtils
LogPluginManager: Mounting plugin PixWinPlugin
LogPluginManager: Mounting plugin PropertyAccessNode
LogPluginManager: Mounting plugin RiderSourceCodeAccess
LogPluginManager: Mounting plugin SubversionSourceControl
LogPluginManager: Mounting plugin TextureFormatOodle
LogPluginManager: Mounting plugin CharacterAI
LogPluginManager: Mounting plugin UObjectPlugin
LogPluginManager: Mounting plugin VisualStudioCodeSourceCodeAccess
LogPluginManager: Mounting plugin VisualStudioSourceCodeAccess
LogPluginManager: Mounting plugin XCodeSourceCodeAccess
LogPluginManager: Mounting plugin GeometryCache
LogPluginManager: Mounting plugin GeometryCollectionPlugin
LogPluginManager: Mounting plugin GeometryProcessing
LogPluginManager: Mounting plugin OpenImageDenoise
LogPluginManager: Mounting plugin MotoSynth
LogPluginManager: Mounting plugin PlatformCrypto
LogPluginManager: Mounting plugin PlanarCut
LogPluginManager: Mounting plugin ProxyLODPlugin
LogPluginManager: Mounting plugin PythonScriptPlugin
LogPluginManager: Mounting plugin SkeletalReduction
LogPluginManager: Mounting plugin LuminPlatformFeatures
LogPluginManager: Mounting plugin MagicLeap
LogPluginManager: Mounting plugin MagicLeapLightEstimation
LogPluginManager: Mounting plugin MagicLeapMedia
LogPluginManager: Mounting plugin MagicLeapPassableWorld
LogPluginManager: Mounting plugin MLSDK
LogPluginManager: Mounting plugin AndroidMedia
LogPluginManager: Mounting plugin AvfMedia
LogPluginManager: Mounting plugin ImgMedia
LogPluginManager: Mounting plugin MediaCompositing
LogPluginManager: Mounting plugin MediaPlayerEditor
LogPluginManager: Mounting plugin WebMMedia
LogPluginManager: Mounting plugin WmfMedia
LogPluginManager: Mounting plugin TcpMessaging
LogPluginManager: Mounting plugin UdpMessaging
LogPluginManager: Mounting plugin ActorSequence
LogPluginManager: Mounting plugin LevelSequenceEditor
LogPluginManager: Mounting plugin MatineeToLevelSequence
LogPluginManager: Mounting plugin TemplateSequence
LogPluginManager: Mounting plugin OnlineSubsystem
LogPluginManager: Mounting plugin OnlineSubsystemNull
LogPluginManager: Mounting plugin OnlineSubsystemUtils
LogPluginManager: Mounting plugin LauncherChunkInstaller
LogPluginManager: Mounting plugin ActorLayerUtilities
LogPluginManager: Mounting plugin AndroidDeviceProfileSelector
LogPluginManager: Mounting plugin AndroidPermission
LogPluginManager: Mounting plugin AndroidMoviePlayer
LogPluginManager: Mounting plugin AppleMoviePlayer
LogPluginManager: Mounting plugin AudioCapture
LogPluginManager: Mounting plugin AudioSynesthesia
LogPluginManager: Mounting plugin AppleImageUtils
LogPluginManager: Mounting plugin ArchVisCharacter
LogPluginManager: Mounting plugin AssetTags
LogPluginManager: Mounting plugin GoogleCloudMessaging
LogPluginManager: Mounting plugin GooglePAD
LogPluginManager: Mounting plugin CableComponent
LogPluginManager: Mounting plugin IOSDeviceProfileSelector
LogPluginManager: Mounting plugin ChunkDownloader
LogPluginManager: Mounting plugin LinuxDeviceProfileSelector
LogPluginManager: Mounting plugin CustomMeshComponent
LogPluginManager: Mounting plugin LocationServicesBPLibrary
LogPluginManager: Mounting plugin EditableMesh
LogPluginManager: Mounting plugin OpenXR
LogPluginManager: Mounting plugin OpenXREyeTracker
LogPluginManager: Mounting plugin OpenXRHandTracking
LogPluginManager: Mounting plugin PostSplashScreen
LogPluginManager: Mounting plugin ExampleDeviceProfileSelector
LogPluginManager: Mounting plugin PropertyAccessEditor
LogPluginManager: Mounting plugin MobilePatchingUtils
LogPluginManager: Mounting plugin RuntimePhysXCooking
LogPluginManager: Mounting plugin SignificanceManager
LogPluginManager: Mounting plugin Synthesis
LogPluginManager: Mounting plugin WebMMoviePlayer
LogPluginManager: Mounting plugin WindowsMoviePlayer
LogPluginManager: Mounting plugin ScreenshotTools
LogPluginManager: Mounting plugin Takes
LogPluginManager: Mounting plugin PhysXVehicles
LogPluginManager: Mounting plugin ProceduralMeshComponent
LogPluginManager: Mounting plugin SoundFields
LogPluginManager: Mounting plugin ContentBrowserAssetDataSource
LogPluginManager: Mounting plugin ContentBrowserClassDataSource
LogPluginManager: Mounting plugin ContentBrowserFileDataSource
LogPluginManager: Mounting plugin OnlineSubsystemGooglePlay
LogPluginManager: Mounting plugin OnlineSubsystemIOS
LogPluginManager: Mounting plugin OculusVR
LogPluginManager: Mounting plugin SteamVR
PixWinPlugin: PIX capture plugin failed to initialize! Check that the process is launched from PIX.
LogInit: Using libcurl 7.55.1-DEV
LogInit:  - built for x86_64-pc-win32
LogInit:  - supports SSL with OpenSSL/1.1.1
LogInit:  - supports HTTP deflate (compression) using libz 1.2.8
LogInit:  - other features:
LogInit:      CURL_VERSION_SSL
LogInit:      CURL_VERSION_LIBZ
LogInit:      CURL_VERSION_IPV6
LogInit:      CURL_VERSION_ASYNCHDNS
LogInit:      CURL_VERSION_LARGEFILE
LogInit:      CURL_VERSION_IDN
LogInit:  CurlRequestOptions (configurable via config and command line):
LogInit:  - bVerifyPeer = true  - Libcurl will verify peer certificate
LogInit:  - bUseHttpProxy = false  - Libcurl will NOT use HTTP proxy
LogInit:  - bDontReuseConnections = false  - Libcurl will reuse connections
LogInit:  - MaxHostConnections = 16  - Libcurl will limit the number of connections to a host
LogInit:  - LocalHostAddr = Default
LogInit:  - BufferSize = 65536
LogOnline: OSS: Creating online subsystem instance for: NULL
LogInit: WinSock: version 1.1 (2.2), MaxSocks=32767, MaxUdp=65467
LogOnline: OSS: TryLoadSubsystemAndSetDefault: Loaded subsystem for module [NULL]
LogOculusPluginWrapper: OculusPlugin initialized successfully
LogHMD: Failed initializing OVRPlugin 1.59.0
LogInit: Build: ++UE4+Release-4.27-CL-18319896
LogInit: Engine Version: 4.27.2-18319896+++UE4+Release-4.27
LogInit: Compatible Engine Version: 4.27.0-17155196+++UE4+Release-4.27
LogInit: Net CL: 17155196
LogInit: OS: Windows 10 (Release 2009) (), CPU: Intel(R) Core(TM) i7-7700 CPU @ 3.60GHz, GPU: NVIDIA GeForce GTX 1070
LogInit: Compiled (64-bit): Nov 30 2021 07:12:08
LogInit: Compiled with Visual C++: 19.24.28315.00
LogInit: Build Configuration: Development
LogInit: Branch Name: ++UE4+Release-4.27
LogInit: Command Line: 
LogInit: Base Directory: D:/UE_4.27/Engine/Binaries/Win64/
LogInit: Allocator: TBB
LogInit: Installed Engine Build: 1
LogDevObjectVersion: Number of dev versions registered: 29
LogDevObjectVersion:   Dev-Blueprints (B0D832E4-1F89-4F0D-ACCF-7EB736FD4AA2): 10
LogDevObjectVersion:   Dev-Build (E1C64328-A22C-4D53-A36C-8E866417BD8C): 0
LogDevObjectVersion:   Dev-Core (375EC13C-06E4-48FB-B500-84F0262A717E): 4
LogDevObjectVersion:   Dev-Editor (E4B068ED-F494-42E9-A231-DA0B2E46BB41): 40
LogDevObjectVersion:   Dev-Framework (CFFC743F-43B0-4480-9391-14DF171D2073): 37
LogDevObjectVersion:   Dev-Mobile (B02B49B5-BB20-44E9-A304-32B752E40360): 3
LogDevObjectVersion:   Dev-Networking (A4E4105C-59A1-49B5-A7C5-40C4547EDFEE): 0
LogDevObjectVersion:   Dev-Online (39C831C9-5AE6-47DC-9A44-9C173E1C8E7C): 0
LogDevObjectVersion:   Dev-Physics (78F01B33-EBEA-4F98-B9B4-84EACCB95AA2): 14
LogDevObjectVersion:   Dev-Platform (6631380F-2D4D-43E0-8009-CF276956A95A): 0
LogDevObjectVersion:   Dev-Rendering (12F88B9F-8875-4AFC-A67C-D90C383ABD29): 45
LogDevObjectVersion:   Dev-Sequencer (7B5AE74C-D270-4C10-A958-57980B212A5A): 13
LogDevObjectVersion:   Dev-VR (D7296918-1DD6-4BDD-9DE2-64A83CC13884): 3
LogDevObjectVersion:   Dev-LoadTimes (C2A15278-BFE7-4AFE-6C17-90FF531DF755): 1
LogDevObjectVersion:   Private-Geometry (6EACA3D4-40EC-4CC1-B786-8BED09428FC5): 3
LogDevObjectVersion:   Dev-AnimPhys (29E575DD-E0A3-4627-9D10-D276232CDCEA): 17
LogDevObjectVersion:   Dev-Anim (AF43A65D-7FD3-4947-9873-3E8ED9C1BB05): 15
LogDevObjectVersion:   Dev-ReflectionCapture (6B266CEC-1EC7-4B8F-A30B-E4D90942FC07): 1
LogDevObjectVersion:   Dev-Automation (0DF73D61-A23F-47EA-B727-89E90C41499A): 1
LogDevObjectVersion:   FortniteMain (601D1886-AC64-4F84-AA16-D3DE0DEAC7D6): 47
LogDevObjectVersion:   FortniteRelease (E7086368-6B23-4C58-8439-1B7016265E91): 1
LogDevObjectVersion:   Dev-Enterprise (9DFFBCD6-494F-0158-E221-12823C92A888): 10
LogDevObjectVersion:   Dev-Niagara (F2AED0AC-9AFE-416F-8664-AA7FFA26D6FC): 1
LogDevObjectVersion:   Dev-Destruction (174F1F0B-B4C6-45A5-B13F-2EE8D0FB917D): 10
LogDevObjectVersion:   Dev-Physics-Ext (35F94A83-E258-406C-A318-09F59610247C): 41
LogDevObjectVersion:   Dev-PhysicsMaterial-Chaos (B68FC16E-8B1B-42E2-B453-215C058844FE): 1
LogDevObjectVersion:   Dev-CineCamera (B2E18506-4273-CFC2-A54E-F4BB758BBA07): 1
LogDevObjectVersion:   Dev-VirtualProduction (64F58936-FD1B-42BA-BA96-7289D5D0FA4E): 1
LogDevObjectVersion:   Dev-MediaFramework (6F0ED827-A609-4895-9C91-998D90180EA4): 2
LogInit: Presizing for max 25165824 objects, including 0 objects not considered by GC, pre-allocating 0 bytes for permanent pool.
LogConfig: Applying CVar settings from Section [/Script/Engine.StreamingSettings] File [D:/RollingBall/RollingGame/Saved/Config/Windows/Engine.ini]
LogConfig: Setting CVar [[s.MinBulkDataSizeForAsyncLoading:131072]]
LogConfig: Setting CVar [[s.AsyncLoadingThreadEnabled:0]]
LogConfig: Setting CVar [[s.EventDrivenLoaderEnabled:1]]
LogConfig: Setting CVar [[s.WarnIfTimeLimitExceeded:0]]
LogConfig: Setting CVar [[s.TimeLimitExceededMultiplier:1.5]]
LogConfig: Setting CVar [[s.TimeLimitExceededMinTime:0.005]]
LogConfig: Setting CVar [[s.UseBackgroundLevelStreaming:1]]
LogConfig: Setting CVar [[s.PriorityAsyncLoadingExtraTime:15.0]]
LogConfig: Setting CVar [[s.LevelStreamingActorsUpdateTimeLimit:5.0]]
LogConfig: Setting CVar [[s.PriorityLevelStreamingActorsUpdateExtraTime:5.0]]
LogConfig: Setting CVar [[s.LevelStreamingComponentsRegistrationGranularity:10]]
LogConfig: Setting CVar [[s.UnregisterComponentsTimeLimit:1.0]]
LogConfig: Setting CVar [[s.LevelStreamingComponentsUnregistrationGranularity:5]]
LogConfig: Setting CVar [[s.FlushStreamingOnExit:1]]
LogInit: Object subsystem initialized
LogConfig: Setting CVar [[con.DebugEarlyDefault:1]]
LogConfig: Setting CVar [[r.setres:1280x720]]
[2023.02.20-14.53.53:278][  0]LogConfig: Setting CVar [[r.VSync:0]]
[2023.02.20-14.53.53:278][  0]LogConfig: Setting CVar [[r.RHICmdBypass:0]]
[2023.02.20-14.53.53:278][  0]LogConfig: Applying CVar settings from Section [/Script/Engine.RendererSettings] File [D:/RollingBall/RollingGame/Saved/Config/Windows/Engine.ini]
[2023.02.20-14.53.53:278][  0]LogConfig: Setting CVar [[r.GPUCrashDebugging:0]]
[2023.02.20-14.53.53:278][  0]LogConfig: Applying CVar settings from Section [/Script/Engine.RendererOverrideSettings] File [D:/RollingBall/RollingGame/Saved/Config/Windows/Engine.ini]
[2023.02.20-14.53.53:278][  0]LogConfig: Applying CVar settings from Section [/Script/Engine.StreamingSettings] File [D:/RollingBall/RollingGame/Saved/Config/Windows/Engine.ini]
[2023.02.20-14.53.53:278][  0]LogConfig: Setting CVar [[s.MinBulkDataSizeForAsyncLoading:131072]]
[2023.02.20-14.53.53:278][  0]LogConfig: Setting CVar [[s.AsyncLoadingThreadEnabled:0]]
[2023.02.20-14.53.53:278][  0]LogConfig: Setting CVar [[s.EventDrivenLoaderEnabled:1]]
[2023.02.20-14.53.53:278][  0]LogConfig: Setting CVar [[s.WarnIfTimeLimitExceeded:0]]
[2023.02.20-14.53.53:278][  0]LogConfig: Setting CVar [[s.TimeLimitExceededMultiplier:1.5]]
[2023.02.20-14.53.53:278][  0]LogConfig: Setting CVar [[s.TimeLimitExceededMinTime:0.005]]
[2023.02.20-14.53.53:278][  0]LogConfig: Setting CVar [[s.UseBackgroundLevelStreaming:1]]
[2023.02.20-14.53.53:278][  0]LogConfig: Setting CVar [[s.PriorityAsyncLoadingExtraTime:15.0]]
[2023.02.20-14.53.53:278][  0]LogConfig: Setting CVar [[s.LevelStreamingActorsUpdateTimeLimit:5.0]]
[2023.02.20-14.53.53:278][  0]LogConfig: Setting CVar [[s.PriorityLevelStreamingActorsUpdateExtraTime:5.0]]
[2023.02.20-14.53.53:278][  0]LogConfig: Setting CVar [[s.LevelStreamingComponentsRegistrationGranularity:10]]
[2023.02.20-14.53.53:278][  0]LogConfig: Setting CVar [[s.UnregisterComponentsTimeLimit:1.0]]
[2023.02.20-14.53.53:278][  0]LogConfig: Setting CVar [[s.LevelStreamingComponentsUnregistrationGranularity:5]]
[2023.02.20-14.53.53:278][  0]LogConfig: Setting CVar [[s.FlushStreamingOnExit:1]]
[2023.02.20-14.53.53:278][  0]LogConfig: Applying CVar settings from Section [/Script/Engine.GarbageCollectionSettings] File [D:/RollingBall/RollingGame/Saved/Config/Windows/Engine.ini]
[2023.02.20-14.53.53:278][  0]LogConfig: Setting CVar [[gc.MaxObjectsNotConsideredByGC:1]]
[2023.02.20-14.53.53:278][  0]LogConfig: Setting CVar [[gc.SizeOfPermanentObjectPool:0]]
[2023.02.20-14.53.53:278][  0]LogConfig: Setting CVar [[gc.FlushStreamingOnGC:0]]
[2023.02.20-14.53.53:278][  0]LogConfig: Setting CVar [[gc.NumRetriesBeforeForcingGC:10]]
[2023.02.20-14.53.53:278][  0]LogConfig: Setting CVar [[gc.AllowParallelGC:1]]
[2023.02.20-14.53.53:278][  0]LogConfig: Setting CVar [[gc.TimeBetweenPurgingPendingKillObjects:61.1]]
[2023.02.20-14.53.53:278][  0]LogConfig: Setting CVar [[gc.MaxObjectsInEditor:25165824]]
[2023.02.20-14.53.53:278][  0]LogConfig: Setting CVar [[gc.IncrementalBeginDestroyEnabled:1]]
[2023.02.20-14.53.53:278][  0]LogConfig: Setting CVar [[gc.CreateGCClusters:1]]
[2023.02.20-14.53.53:278][  0]LogConfig: Setting CVar [[gc.MinGCClusterSize:5]]
[2023.02.20-14.53.53:278][  0]LogConfig: Setting CVar [[gc.ActorClusteringEnabled:0]]
[2023.02.20-14.53.53:278][  0]LogConfig: Setting CVar [[gc.BlueprintClusteringEnabled:0]]
[2023.02.20-14.53.53:278][  0]LogConfig: Setting CVar [[gc.UseDisregardForGCOnDedicatedServers:0]]
[2023.02.20-14.53.53:278][  0]LogConfig: Setting CVar [[gc.MultithreadedDestructionEnabled:1]]
[2023.02.20-14.53.53:278][  0]LogConfig: Applying CVar settings from Section [/Script/Engine.NetworkSettings] File [D:/RollingBall/RollingGame/Saved/Config/Windows/Engine.ini]
[2023.02.20-14.53.53:278][  0]LogConfig: Applying CVar settings from Section [/Script/UnrealEd.CookerSettings] File [D:/RollingBall/RollingGame/Saved/Config/Windows/Engine.ini]
[2023.02.20-14.53.53:286][  0]LogConfig: Applying CVar settings from Section [ViewDistanceQuality@3] File [D:/RollingBall/RollingGame/Saved/Config/Windows/Scalability.ini]
[2023.02.20-14.53.53:286][  0]LogConfig: Setting CVar [[r.SkeletalMeshLODBias:0]]
[2023.02.20-14.53.53:286][  0]LogConfig: Setting CVar [[r.ViewDistanceScale:1.0]]
[2023.02.20-14.53.53:286][  0]LogConfig: Applying CVar settings from Section [AntiAliasingQuality@3] File [D:/RollingBall/RollingGame/Saved/Config/Windows/Scalability.ini]
[2023.02.20-14.53.53:286][  0]LogConfig: Setting CVar [[r.PostProcessAAQuality:4]]
[2023.02.20-14.53.53:286][  0]LogConfig: Applying CVar settings from Section [ShadowQuality@3] File [D:/RollingBall/RollingGame/Saved/Config/Windows/Scalability.ini]
[2023.02.20-14.53.53:286][  0]LogConfig: Setting CVar [[r.LightFunctionQuality:1]]
[2023.02.20-14.53.53:286][  0]LogConfig: Setting CVar [[r.ShadowQuality:5]]
[2023.02.20-14.53.53:286][  0]LogConfig: Setting CVar [[r.Shadow.CSM.MaxCascades:10]]
[2023.02.20-14.53.53:286][  0]LogConfig: Setting CVar [[r.Shadow.MaxResolution:2048]]
[2023.02.20-14.53.53:286][  0]LogConfig: Setting CVar [[r.Shadow.MaxCSMResolution:2048]]
[2023.02.20-14.53.53:286][  0]LogConfig: Setting CVar [[r.Shadow.RadiusThreshold:0.01]]
[2023.02.20-14.53.53:286][  0]LogConfig: Setting CVar [[r.Shadow.DistanceScale:1.0]]
[2023.02.20-14.53.53:286][  0]LogConfig: Setting CVar [[r.Shadow.CSM.TransitionScale:1.0]]
[2023.02.20-14.53.53:286][  0]LogConfig: Setting CVar [[r.Shadow.PreShadowResolutionFactor:1.0]]
[2023.02.20-14.53.53:286][  0]LogConfig: Setting CVar [[r.DistanceFieldShadowing:1]]
[2023.02.20-14.53.53:286][  0]LogConfig: Setting CVar [[r.DistanceFieldAO:1]]
[2023.02.20-14.53.53:286][  0]LogConfig: Setting CVar [[r.AOQuality:2]]
[2023.02.20-14.53.53:286][  0]LogConfig: Setting CVar [[r.VolumetricFog:1]]
[2023.02.20-14.53.53:286][  0]LogConfig: Setting CVar [[r.VolumetricFog.GridPixelSize:8]]
[2023.02.20-14.53.53:286][  0]LogConfig: Setting CVar [[r.VolumetricFog.GridSizeZ:128]]
[2023.02.20-14.53.53:286][  0]LogConfig: Setting CVar [[r.VolumetricFog.HistoryMissSupersampleCount:4]]
[2023.02.20-14.53.53:287][  0]LogConfig: Setting CVar [[r.LightMaxDrawDistanceScale:1]]
[2023.02.20-14.53.53:287][  0]LogConfig: Setting CVar [[r.CapsuleShadows:1]]
[2023.02.20-14.53.53:287][  0]LogConfig: Applying CVar settings from Section [PostProcessQuality@3] File [D:/RollingBall/RollingGame/Saved/Config/Windows/Scalability.ini]
[2023.02.20-14.53.53:287][  0]LogConfig: Setting CVar [[r.MotionBlurQuality:4]]
[2023.02.20-14.53.53:287][  0]LogConfig: Setting CVar [[r.AmbientOcclusionMipLevelFactor:0.4]]
[2023.02.20-14.53.53:287][  0]LogConfig: Setting CVar [[r.AmbientOcclusionMaxQuality:100]]
[2023.02.20-14.53.53:287][  0]LogConfig: Setting CVar [[r.AmbientOcclusionLevels:-1]]
[2023.02.20-14.53.53:287][  0]LogConfig: Setting CVar [[r.AmbientOcclusionRadiusScale:1.0]]
[2023.02.20-14.53.53:287][  0]LogConfig: Setting CVar [[r.DepthOfFieldQuality:2]]
[2023.02.20-14.53.53:287][  0]LogConfig: Setting CVar [[r.RenderTargetPoolMin:400]]
[2023.02.20-14.53.53:287][  0]LogConfig: Setting CVar [[r.LensFlareQuality:2]]
[2023.02.20-14.53.53:287][  0]LogConfig: Setting CVar [[r.SceneColorFringeQuality:1]]
[2023.02.20-14.53.53:287][  0]LogConfig: Setting CVar [[r.EyeAdaptationQuality:2]]
[2023.02.20-14.53.53:287][  0]LogConfig: Setting CVar [[r.BloomQuality:5]]
[2023.02.20-14.53.53:287][  0]LogConfig: Setting CVar [[r.FastBlurThreshold:100]]
[2023.02.20-14.53.53:287][  0]LogConfig: Setting CVar [[r.Upscale.Quality:3]]
[2023.02.20-14.53.53:287][  0]LogConfig: Setting CVar [[r.Tonemapper.GrainQuantization:1]]
[2023.02.20-14.53.53:287][  0]LogConfig: Setting CVar [[r.LightShaftQuality:1]]
[2023.02.20-14.53.53:287][  0]LogConfig: Setting CVar [[r.Filter.SizeScale:1]]
[2023.02.20-14.53.53:287][  0]LogConfig: Setting CVar [[r.Tonemapper.Quality:5]]
[2023.02.20-14.53.53:287][  0]LogConfig: Setting CVar [[r.DOF.Gather.AccumulatorQuality:1        ; higher gathering accumulator quality]]
[2023.02.20-14.53.53:287][  0]LogConfig: Setting CVar [[r.DOF.Gather.PostfilterMethod:1          ; Median3x3 postfilering method]]
[2023.02.20-14.53.53:287][  0]LogConfig: Setting CVar [[r.DOF.Gather.EnableBokehSettings:0       ; no bokeh simulation when gathering]]
[2023.02.20-14.53.53:287][  0]LogConfig: Setting CVar [[r.DOF.Gather.RingCount:4                 ; medium number of samples when gathering]]
[2023.02.20-14.53.53:287][  0]LogConfig: Setting CVar [[r.DOF.Scatter.ForegroundCompositing:1    ; additive foreground scattering]]
[2023.02.20-14.53.53:287][  0]LogConfig: Setting CVar [[r.DOF.Scatter.BackgroundCompositing:2    ; additive background scattering]]
[2023.02.20-14.53.53:287][  0]LogConfig: Setting CVar [[r.DOF.Scatter.EnableBokehSettings:1      ; bokeh simulation when scattering]]
[2023.02.20-14.53.53:287][  0]LogConfig: Setting CVar [[r.DOF.Scatter.MaxSpriteRatio:0.1         ; only a maximum of 10% of scattered bokeh]]
[2023.02.20-14.53.53:287][  0]LogConfig: Setting CVar [[r.DOF.Recombine.Quality:1                ; cheap slight out of focus]]
[2023.02.20-14.53.53:287][  0]LogConfig: Setting CVar [[r.DOF.Recombine.EnableBokehSettings:0    ; no bokeh simulation on slight out of focus]]
[2023.02.20-14.53.53:287][  0]LogConfig: Setting CVar [[r.DOF.TemporalAAQuality:1                ; more stable temporal accumulation]]
[2023.02.20-14.53.53:287][  0]LogConfig: Setting CVar [[r.DOF.Kernel.MaxForegroundRadius:0.025]]
[2023.02.20-14.53.53:287][  0]LogConfig: Setting CVar [[r.DOF.Kernel.MaxBackgroundRadius:0.025]]
[2023.02.20-14.53.53:287][  0]LogConfig: Applying CVar settings from Section [TextureQuality@3] File [D:/RollingBall/RollingGame/Saved/Config/Windows/Scalability.ini]
[2023.02.20-14.53.53:287][  0]LogConfig: Setting CVar [[r.Streaming.MipBias:0]]
[2023.02.20-14.53.53:287][  0]LogConfig: Setting CVar [[r.Streaming.AmortizeCPUToGPUCopy:0]]
[2023.02.20-14.53.53:287][  0]LogConfig: Setting CVar [[r.Streaming.MaxNumTexturesToStreamPerFrame:0]]
[2023.02.20-14.53.53:287][  0]LogConfig: Setting CVar [[r.Streaming.Boost:1]]
[2023.02.20-14.53.53:287][  0]LogConfig: Setting CVar [[r.MaxAnisotropy:8]]
[2023.02.20-14.53.53:287][  0]LogConfig: Setting CVar [[r.VT.MaxAnisotropy:8]]
[2023.02.20-14.53.53:287][  0]LogConfig: Setting CVar [[r.Streaming.LimitPoolSizeToVRAM:0]]
[2023.02.20-14.53.53:287][  0]LogConfig: Setting CVar [[r.Streaming.PoolSize:1000]]
[2023.02.20-14.53.53:287][  0]LogConfig: Setting CVar [[r.Streaming.MaxEffectiveScreenSize:0]]
[2023.02.20-14.53.53:287][  0]LogConfig: Applying CVar settings from Section [EffectsQuality@3] File [D:/RollingBall/RollingGame/Saved/Config/Windows/Scalability.ini]
[2023.02.20-14.53.53:287][  0]LogConfig: Setting CVar [[r.TranslucencyLightingVolumeDim:64]]
[2023.02.20-14.53.53:287][  0]LogConfig: Setting CVar [[r.RefractionQuality:2]]
[2023.02.20-14.53.53:287][  0]LogConfig: Setting CVar [[r.SSR.Quality:3]]
[2023.02.20-14.53.53:287][  0]LogConfig: Setting CVar [[r.SSR.HalfResSceneColor:0]]
[2023.02.20-14.53.53:287][  0]LogConfig: Setting CVar [[r.SceneColorFormat:4]]
[2023.02.20-14.53.53:287][  0]LogConfig: Setting CVar [[r.DetailMode:2]]
[2023.02.20-14.53.53:287][  0]LogConfig: Setting CVar [[r.TranslucencyVolumeBlur:1]]
[2023.02.20-14.53.53:287][  0]LogConfig: Setting CVar [[r.MaterialQualityLevel:1 ; High quality]]
[2023.02.20-14.53.53:287][  0]LogConfig: Setting CVar [[r.AnisotropicMaterials:1]]
[2023.02.20-14.53.53:287][  0]LogConfig: Setting CVar [[r.SSS.Scale:1]]
[2023.02.20-14.53.53:287][  0]LogConfig: Setting CVar [[r.SSS.SampleSet:2]]
[2023.02.20-14.53.53:287][  0]LogConfig: Setting CVar [[r.SSS.Quality:1]]
[2023.02.20-14.53.53:287][  0]LogConfig: Setting CVar [[r.SSS.HalfRes:0]]
[2023.02.20-14.53.53:287][  0]LogConfig: Setting CVar [[r.SSGI.Quality:3]]
[2023.02.20-14.53.53:287][  0]LogConfig: Setting CVar [[r.EmitterSpawnRateScale:1.0]]
[2023.02.20-14.53.53:287][  0]LogConfig: Setting CVar [[r.ParticleLightQuality:2]]
[2023.02.20-14.53.53:287][  0]LogConfig: Setting CVar [[r.SkyAtmosphere.AerialPerspectiveLUT.FastApplyOnOpaque:1 ; Always have FastSkyLUT 1 in this case to avoid wrong sky]]
[2023.02.20-14.53.53:287][  0]LogConfig: Setting CVar [[r.SkyAtmosphere.AerialPerspectiveLUT.SampleCountMaxPerSlice:4]]
[2023.02.20-14.53.53:287][  0]LogConfig: Setting CVar [[r.SkyAtmosphere.AerialPerspectiveLUT.DepthResolution:16.0]]
[2023.02.20-14.53.53:287][  0]LogConfig: Setting CVar [[r.SkyAtmosphere.FastSkyLUT:1]]
[2023.02.20-14.53.53:287][  0]LogConfig: Setting CVar [[r.SkyAtmosphere.FastSkyLUT.SampleCountMin:4.0]]
[2023.02.20-14.53.53:287][  0]LogConfig: Setting CVar [[r.SkyAtmosphere.FastSkyLUT.SampleCountMax:128.0]]
[2023.02.20-14.53.53:287][  0]LogConfig: Setting CVar [[r.SkyAtmosphere.SampleCountMin:4.0]]
[2023.02.20-14.53.53:287][  0]LogConfig: Setting CVar [[r.SkyAtmosphere.SampleCountMax:128.0]]
[2023.02.20-14.53.53:287][  0]LogConfig: Setting CVar [[r.SkyAtmosphere.TransmittanceLUT.UseSmallFormat:0]]
[2023.02.20-14.53.53:287][  0]LogConfig: Setting CVar [[r.SkyAtmosphere.TransmittanceLUT.SampleCount:10.0]]
[2023.02.20-14.53.53:287][  0]LogConfig: Setting CVar [[r.SkyAtmosphere.MultiScatteringLUT.SampleCount:15.0]]
[2023.02.20-14.53.53:287][  0]LogConfig: Setting CVar [[r.SkyLight.RealTimeReflectionCapture:1]]
[2023.02.20-14.53.53:287][  0]LogConfig: Applying CVar settings from Section [FoliageQuality@3] File [D:/RollingBall/RollingGame/Saved/Config/Windows/Scalability.ini]
[2023.02.20-14.53.53:287][  0]LogConfig: Setting CVar [[foliage.DensityScale:1.0]]
[2023.02.20-14.53.53:287][  0]LogConfig: Setting CVar [[grass.DensityScale:1.0]]
[2023.02.20-14.53.53:287][  0]LogConfig: Applying CVar settings from Section [ShadingQuality@3] File [D:/RollingBall/RollingGame/Saved/Config/Windows/Scalability.ini]
[2023.02.20-14.53.53:287][  0]LogConfig: Setting CVar [[r.HairStrands.SkyLighting.IntegrationType:2]]
[2023.02.20-14.53.53:287][  0]LogConfig: Setting CVar [[r.HairStrands.SkyAO.SampleCount:4]]
[2023.02.20-14.53.53:287][  0]LogConfig: Setting CVar [[r.HairStrands.Visibility.MSAA.SamplePerPixel:4]]
[2023.02.20-14.53.53:287][  0]LogInit: Selected Device Profile: [Windows]
[2023.02.20-14.53.53:287][  0]LogInit: Applying CVar settings loaded from the selected device profile: [Windows]
[2023.02.20-14.53.53:288][  0]LogHAL: Display: Platform has ~ 16 GB [17123115008 / 17179869184 / 16], which maps to Larger [LargestMinGB=32, LargerMinGB=12, DefaultMinGB=8, SmallerMinGB=6, SmallestMinGB=0)
[2023.02.20-14.53.53:288][  0]LogInit: Going up to parent DeviceProfile []
[2023.02.20-14.53.53:288][  0]LogConfig: Applying CVar settings from Section [ViewDistanceQuality@3] File [D:/RollingBall/RollingGame/Saved/Config/Windows/Scalability.ini]
[2023.02.20-14.53.53:288][  0]LogConfig: Setting CVar [[r.SkeletalMeshLODBias:0]]
[2023.02.20-14.53.53:288][  0]LogConfig: Setting CVar [[r.ViewDistanceScale:1.0]]
[2023.02.20-14.53.53:288][  0]LogConfig: Applying CVar settings from Section [AntiAliasingQuality@3] File [D:/RollingBall/RollingGame/Saved/Config/Windows/Scalability.ini]
[2023.02.20-14.53.53:288][  0]LogConfig: Setting CVar [[r.PostProcessAAQuality:4]]
[2023.02.20-14.53.53:288][  0]LogConfig: Applying CVar settings from Section [ShadowQuality@3] File [D:/RollingBall/RollingGame/Saved/Config/Windows/Scalability.ini]
[2023.02.20-14.53.53:288][  0]LogConfig: Setting CVar [[r.LightFunctionQuality:1]]
[2023.02.20-14.53.53:288][  0]LogConfig: Setting CVar [[r.ShadowQuality:5]]
[2023.02.20-14.53.53:288][  0]LogConfig: Setting CVar [[r.Shadow.CSM.MaxCascades:10]]
[2023.02.20-14.53.53:288][  0]LogConfig: Setting CVar [[r.Shadow.MaxResolution:2048]]
[2023.02.20-14.53.53:288][  0]LogConfig: Setting CVar [[r.Shadow.MaxCSMResolution:2048]]
[2023.02.20-14.53.53:288][  0]LogConfig: Setting CVar [[r.Shadow.RadiusThreshold:0.01]]
[2023.02.20-14.53.53:288][  0]LogConfig: Setting CVar [[r.Shadow.DistanceScale:1.0]]
[2023.02.20-14.53.53:288][  0]LogConfig: Setting CVar [[r.Shadow.CSM.TransitionScale:1.0]]
[2023.02.20-14.53.53:288][  0]LogConfig: Setting CVar [[r.Shadow.PreShadowResolutionFactor:1.0]]
[2023.02.20-14.53.53:288][  0]LogConfig: Setting CVar [[r.DistanceFieldShadowing:1]]
[2023.02.20-14.53.53:288][  0]LogConfig: Setting CVar [[r.DistanceFieldAO:1]]
[2023.02.20-14.53.53:288][  0]LogConfig: Setting CVar [[r.AOQuality:2]]
[2023.02.20-14.53.53:288][  0]LogConfig: Setting CVar [[r.VolumetricFog:1]]
[2023.02.20-14.53.53:288][  0]LogConfig: Setting CVar [[r.VolumetricFog.GridPixelSize:8]]
[2023.02.20-14.53.53:288][  0]LogConfig: Setting CVar [[r.VolumetricFog.GridSizeZ:128]]
[2023.02.20-14.53.53:288][  0]LogConfig: Setting CVar [[r.VolumetricFog.HistoryMissSupersampleCount:4]]
[2023.02.20-14.53.53:288][  0]LogConfig: Setting CVar [[r.LightMaxDrawDistanceScale:1]]
[2023.02.20-14.53.53:288][  0]LogConfig: Setting CVar [[r.CapsuleShadows:1]]
[2023.02.20-14.53.53:288][  0]LogConfig: Applying CVar settings from Section [PostProcessQuality@3] File [D:/RollingBall/RollingGame/Saved/Config/Windows/Scalability.ini]
[2023.02.20-14.53.53:288][  0]LogConfig: Setting CVar [[r.MotionBlurQuality:4]]
[2023.02.20-14.53.53:288][  0]LogConfig: Setting CVar [[r.AmbientOcclusionMipLevelFactor:0.4]]
[2023.02.20-14.53.53:288][  0]LogConfig: Setting CVar [[r.AmbientOcclusionMaxQuality:100]]
[2023.02.20-14.53.53:288][  0]LogConfig: Setting CVar [[r.AmbientOcclusionLevels:-1]]
[2023.02.20-14.53.53:288][  0]LogConfig: Setting CVar [[r.AmbientOcclusionRadiusScale:1.0]]
[2023.02.20-14.53.53:288][  0]LogConfig: Setting CVar [[r.DepthOfFieldQuality:2]]
[2023.02.20-14.53.53:288][  0]LogConfig: Setting CVar [[r.RenderTargetPoolMin:400]]
[2023.02.20-14.53.53:288][  0]LogConfig: Setting CVar [[r.LensFlareQuality:2]]
[2023.02.20-14.53.53:288][  0]LogConfig: Setting CVar [[r.SceneColorFringeQuality:1]]
[2023.02.20-14.53.53:288][  0]LogConfig: Setting CVar [[r.EyeAdaptationQuality:2]]
[2023.02.20-14.53.53:288][  0]LogConfig: Setting CVar [[r.BloomQuality:5]]
[2023.02.20-14.53.53:288][  0]LogConfig: Setting CVar [[r.FastBlurThreshold:100]]
[2023.02.20-14.53.53:288][  0]LogConfig: Setting CVar [[r.Upscale.Quality:3]]
[2023.02.20-14.53.53:288][  0]LogConfig: Setting CVar [[r.Tonemapper.GrainQuantization:1]]
[2023.02.20-14.53.53:288][  0]LogConfig: Setting CVar [[r.LightShaftQuality:1]]
[2023.02.20-14.53.53:288][  0]LogConfig: Setting CVar [[r.Filter.SizeScale:1]]
[2023.02.20-14.53.53:288][  0]LogConfig: Setting CVar [[r.Tonemapper.Quality:5]]
[2023.02.20-14.53.53:288][  0]LogConfig: Setting CVar [[r.DOF.Gather.AccumulatorQuality:1        ; higher gathering accumulator quality]]
[2023.02.20-14.53.53:288][  0]LogConfig: Setting CVar [[r.DOF.Gather.PostfilterMethod:1          ; Median3x3 postfilering method]]
[2023.02.20-14.53.53:288][  0]LogConfig: Setting CVar [[r.DOF.Gather.EnableBokehSettings:0       ; no bokeh simulation when gathering]]
[2023.02.20-14.53.53:288][  0]LogConfig: Setting CVar [[r.DOF.Gather.RingCount:4                 ; medium number of samples when gathering]]
[2023.02.20-14.53.53:288][  0]LogConfig: Setting CVar [[r.DOF.Scatter.ForegroundCompositing:1    ; additive foreground scattering]]
[2023.02.20-14.53.53:288][  0]LogConfig: Setting CVar [[r.DOF.Scatter.BackgroundCompositing:2    ; additive background scattering]]
[2023.02.20-14.53.53:288][  0]LogConfig: Setting CVar [[r.DOF.Scatter.EnableBokehSettings:1      ; bokeh simulation when scattering]]
[2023.02.20-14.53.53:288][  0]LogConfig: Setting CVar [[r.DOF.Scatter.MaxSpriteRatio:0.1         ; only a maximum of 10% of scattered bokeh]]
[2023.02.20-14.53.53:288][  0]LogConfig: Setting CVar [[r.DOF.Recombine.Quality:1                ; cheap slight out of focus]]
[2023.02.20-14.53.53:288][  0]LogConfig: Setting CVar [[r.DOF.Recombine.EnableBokehSettings:0    ; no bokeh simulation on slight out of focus]]
[2023.02.20-14.53.53:288][  0]LogConfig: Setting CVar [[r.DOF.TemporalAAQuality:1                ; more stable temporal accumulation]]
[2023.02.20-14.53.53:288][  0]LogConfig: Setting CVar [[r.DOF.Kernel.MaxForegroundRadius:0.025]]
[2023.02.20-14.53.53:288][  0]LogConfig: Setting CVar [[r.DOF.Kernel.MaxBackgroundRadius:0.025]]
[2023.02.20-14.53.53:288][  0]LogConfig: Applying CVar settings from Section [TextureQuality@3] File [D:/RollingBall/RollingGame/Saved/Config/Windows/Scalability.ini]
[2023.02.20-14.53.53:288][  0]LogConfig: Setting CVar [[r.Streaming.MipBias:0]]
[2023.02.20-14.53.53:288][  0]LogConfig: Setting CVar [[r.Streaming.AmortizeCPUToGPUCopy:0]]
[2023.02.20-14.53.53:288][  0]LogConfig: Setting CVar [[r.Streaming.MaxNumTexturesToStreamPerFrame:0]]
[2023.02.20-14.53.53:288][  0]LogConfig: Setting CVar [[r.Streaming.Boost:1]]
[2023.02.20-14.53.53:288][  0]LogConfig: Setting CVar [[r.MaxAnisotropy:8]]
[2023.02.20-14.53.53:288][  0]LogConfig: Setting CVar [[r.VT.MaxAnisotropy:8]]
[2023.02.20-14.53.53:288][  0]LogConfig: Setting CVar [[r.Streaming.LimitPoolSizeToVRAM:0]]
[2023.02.20-14.53.53:288][  0]LogConfig: Setting CVar [[r.Streaming.PoolSize:1000]]
[2023.02.20-14.53.53:288][  0]LogConfig: Setting CVar [[r.Streaming.MaxEffectiveScreenSize:0]]
[2023.02.20-14.53.53:288][  0]LogConfig: Applying CVar settings from Section [EffectsQuality@3] File [D:/RollingBall/RollingGame/Saved/Config/Windows/Scalability.ini]
[2023.02.20-14.53.53:288][  0]LogConfig: Setting CVar [[r.TranslucencyLightingVolumeDim:64]]
[2023.02.20-14.53.53:288][  0]LogConfig: Setting CVar [[r.RefractionQuality:2]]
[2023.02.20-14.53.53:288][  0]LogConfig: Setting CVar [[r.SSR.Quality:3]]
[2023.02.20-14.53.53:288][  0]LogConfig: Setting CVar [[r.SSR.HalfResSceneColor:0]]
[2023.02.20-14.53.53:288][  0]LogConfig: Setting CVar [[r.SceneColorFormat:4]]
[2023.02.20-14.53.53:288][  0]LogConfig: Setting CVar [[r.DetailMode:2]]
[2023.02.20-14.53.53:288][  0]LogConfig: Setting CVar [[r.TranslucencyVolumeBlur:1]]
[2023.02.20-14.53.53:288][  0]LogConfig: Setting CVar [[r.MaterialQualityLevel:1 ; High quality]]
[2023.02.20-14.53.53:288][  0]LogConfig: Setting CVar [[r.AnisotropicMaterials:1]]
[2023.02.20-14.53.53:288][  0]LogConfig: Setting CVar [[r.SSS.Scale:1]]
[2023.02.20-14.53.53:288][  0]LogConfig: Setting CVar [[r.SSS.SampleSet:2]]
[2023.02.20-14.53.53:288][  0]LogConfig: Setting CVar [[r.SSS.Quality:1]]
[2023.02.20-14.53.53:289][  0]LogConfig: Setting CVar [[r.SSS.HalfRes:0]]
[2023.02.20-14.53.53:289][  0]LogConfig: Setting CVar [[r.SSGI.Quality:3]]
[2023.02.20-14.53.53:289][  0]LogConfig: Setting CVar [[r.EmitterSpawnRateScale:1.0]]
[2023.02.20-14.53.53:289][  0]LogConfig: Setting CVar [[r.ParticleLightQuality:2]]
[2023.02.20-14.53.53:289][  0]LogConfig: Setting CVar [[r.SkyAtmosphere.AerialPerspectiveLUT.FastApplyOnOpaque:1 ; Always have FastSkyLUT 1 in this case to avoid wrong sky]]
[2023.02.20-14.53.53:289][  0]LogConfig: Setting CVar [[r.SkyAtmosphere.AerialPerspectiveLUT.SampleCountMaxPerSlice:4]]
[2023.02.20-14.53.53:289][  0]LogConfig: Setting CVar [[r.SkyAtmosphere.AerialPerspectiveLUT.DepthResolution:16.0]]
[2023.02.20-14.53.53:289][  0]LogConfig: Setting CVar [[r.SkyAtmosphere.FastSkyLUT:1]]
[2023.02.20-14.53.53:289][  0]LogConfig: Setting CVar [[r.SkyAtmosphere.FastSkyLUT.SampleCountMin:4.0]]
[2023.02.20-14.53.53:289][  0]LogConfig: Setting CVar [[r.SkyAtmosphere.FastSkyLUT.SampleCountMax:128.0]]
[2023.02.20-14.53.53:289][  0]LogConfig: Setting CVar [[r.SkyAtmosphere.SampleCountMin:4.0]]
[2023.02.20-14.53.53:289][  0]LogConfig: Setting CVar [[r.SkyAtmosphere.SampleCountMax:128.0]]
[2023.02.20-14.53.53:289][  0]LogConfig: Setting CVar [[r.SkyAtmosphere.TransmittanceLUT.UseSmallFormat:0]]
[2023.02.20-14.53.53:289][  0]LogConfig: Setting CVar [[r.SkyAtmosphere.TransmittanceLUT.SampleCount:10.0]]
[2023.02.20-14.53.53:289][  0]LogConfig: Setting CVar [[r.SkyAtmosphere.MultiScatteringLUT.SampleCount:15.0]]
[2023.02.20-14.53.53:289][  0]LogConfig: Setting CVar [[r.SkyLight.RealTimeReflectionCapture:1]]
[2023.02.20-14.53.53:289][  0]LogConfig: Applying CVar settings from Section [FoliageQuality@3] File [D:/RollingBall/RollingGame/Saved/Config/Windows/Scalability.ini]
[2023.02.20-14.53.53:289][  0]LogConfig: Setting CVar [[foliage.DensityScale:1.0]]
[2023.02.20-14.53.53:289][  0]LogConfig: Setting CVar [[grass.DensityScale:1.0]]
[2023.02.20-14.53.53:289][  0]LogConfig: Applying CVar settings from Section [ShadingQuality@3] File [D:/RollingBall/RollingGame/Saved/Config/Windows/Scalability.ini]
[2023.02.20-14.53.53:289][  0]LogConfig: Setting CVar [[r.HairStrands.SkyLighting.IntegrationType:2]]
[2023.02.20-14.53.53:289][  0]LogConfig: Setting CVar [[r.HairStrands.SkyAO.SampleCount:4]]
[2023.02.20-14.53.53:289][  0]LogConfig: Setting CVar [[r.HairStrands.Visibility.MSAA.SamplePerPixel:4]]
[2023.02.20-14.53.53:289][  0]LogConfig: Applying CVar settings from Section [Startup] File [../../../Engine/Config/ConsoleVariables.ini]
[2023.02.20-14.53.53:299][  0]LogConfig: Setting CVar [[net.UseAdaptiveNetUpdateFrequency:0]]
[2023.02.20-14.53.53:299][  0]LogConfig: Setting CVar [[p.chaos.AllowCreatePhysxBodies:1]]
[2023.02.20-14.53.53:299][  0]LogConfig: Setting CVar [[fx.SkipVectorVMBackendOptimizations:1]]
[2023.02.20-14.53.53:299][  0]LogConfig: Applying CVar settings from Section [ConsoleVariables] File [D:/RollingBall/RollingGame/Saved/Config/Windows/Engine.ini]
[2023.02.20-14.53.53:299][  0]LogConfig: Applying CVar settings from Section [ConsoleVariables] File [D:/RollingBall/RollingGame/Saved/Config/Windows/Editor.ini]
[2023.02.20-14.53.53:299][  0]LogInit: Computer: DESKTOP-CSOB8Q3
[2023.02.20-14.53.53:299][  0]LogInit: User: Sinerji
[2023.02.20-14.53.53:299][  0]LogInit: CPU Page size=4096, Cores=4
[2023.02.20-14.53.53:299][  0]LogInit: High frequency timer resolution =10.000000 MHz
[2023.02.20-14.53.53:299][  0]LogMemory: Memory total: Physical=15.9GB (16GB approx)
[2023.02.20-14.53.53:299][  0]LogMemory: Platform Memory Stats for Windows
[2023.02.20-14.53.53:299][  0]LogMemory: Process Physical Memory: 148.56 MB used, 148.57 MB peak
[2023.02.20-14.53.53:299][  0]LogMemory: Process Virtual Memory: 130.46 MB used, 130.46 MB peak
[2023.02.20-14.53.53:299][  0]LogMemory: Physical Memory: 8393.51 MB used,  7936.37 MB free, 16329.88 MB total
[2023.02.20-14.53.53:299][  0]LogMemory: Virtual Memory: 134202888.00 MB used,  14837.50 MB free, 134217728.00 MB total
[2023.02.20-14.53.53:305][  0]LogWindows: WindowsPlatformFeatures enabled
[2023.02.20-14.53.53:601][  0]LogInit: Physics initialised using underlying interface: PhysX
[2023.02.20-14.53.53:650][  0]LogInit: Using OS detected language (tr-TR).
[2023.02.20-14.53.53:650][  0]LogInit: Using OS detected locale (tr-TR).
[2023.02.20-14.53.53:680][  0]LogTextLocalizationManager: No localization for 'tr-TR' exists, so 'en' will be used for the language.
[2023.02.20-14.53.54:266][  0]LogInit: Setting process to per monitor DPI aware
[2023.02.20-14.53.54:316][  0]LogWindowsTextInputMethodSystem: Display: IME system deactivated.
[2023.02.20-14.53.54:447][  0]LogSlate: New Slate User Created.  User Index 0, Is Virtual User: 0
[2023.02.20-14.53.54:447][  0]LogSlate: Slate User Registered.  User Index 0, Is Virtual User: 0
[2023.02.20-14.53.55:011][  0]LogD3D11RHI: Loaded GFSDK_Aftermath_Lib.x64.dll
[2023.02.20-14.53.55:015][  0]LogHMD: Failed to initialize OpenVR with code 110
[2023.02.20-14.53.55:015][  0]LogD3D11RHI: D3D11 min allowed feature level: 11_0
[2023.02.20-14.53.55:015][  0]LogD3D11RHI: D3D11 max allowed feature level: 11_0
[2023.02.20-14.53.55:015][  0]LogD3D11RHI: D3D11 adapters:
[2023.02.20-14.53.55:151][  0]LogD3D11RHI:    0. 'NVIDIA GeForce GTX 1070' (Feature Level 11_0)
[2023.02.20-14.53.55:151][  0]LogD3D11RHI:       8088/0/8164 MB DedicatedVideo/DedicatedSystem/SharedSystem, Outputs:1, VendorId:0x10de
[2023.02.20-14.53.55:157][  0]LogD3D11RHI:    1. 'Microsoft Basic Render Driver' (Feature Level 11_0)
[2023.02.20-14.53.55:157][  0]LogD3D11RHI:       0/0/8164 MB DedicatedVideo/DedicatedSystem/SharedSystem, Outputs:0, VendorId:0x1414
[2023.02.20-14.53.55:157][  0]LogD3D11RHI: Chosen D3D11 Adapter:
[2023.02.20-14.53.55:157][  0]LogD3D11RHI:     Description : NVIDIA GeForce GTX 1070
[2023.02.20-14.53.55:157][  0]LogD3D11RHI:     VendorId    : 10de
[2023.02.20-14.53.55:157][  0]LogD3D11RHI:     DeviceId    : 1b81
[2023.02.20-14.53.55:157][  0]LogD3D11RHI:     SubSysId    : 33041462
[2023.02.20-14.53.55:157][  0]LogD3D11RHI:     Revision    : 00a1
[2023.02.20-14.53.55:157][  0]LogD3D11RHI:     DedicatedVideoMemory : 8480882688 bytes
[2023.02.20-14.53.55:157][  0]LogD3D11RHI:     DedicatedSystemMemory : 0 bytes
[2023.02.20-14.53.55:157][  0]LogD3D11RHI:     SharedSystemMemory : 8561557504 bytes
[2023.02.20-14.53.55:157][  0]LogD3D11RHI:     AdapterLuid : 0 57179
[2023.02.20-14.53.55:164][  0]LogD3D11RHI: Creating new Direct3DDevice
[2023.02.20-14.53.55:164][  0]LogD3D11RHI:     GPU DeviceId: 0x1b81 (for the marketing name, search the web for "GPU Device Id")
[2023.02.20-14.53.55:164][  0]LogWindows: EnumDisplayDevices:
[2023.02.20-14.53.55:164][  0]LogWindows:    0. 'NVIDIA GeForce GTX 1070' (P:1 D:1)
[2023.02.20-14.53.55:165][  0]LogWindows:    1. 'NVIDIA GeForce GTX 1070' (P:0 D:0)
[2023.02.20-14.53.55:165][  0]LogWindows:    2. 'NVIDIA GeForce GTX 1070' (P:0 D:0)
[2023.02.20-14.53.55:165][  0]LogWindows:    3. 'NVIDIA GeForce GTX 1070' (P:0 D:0)
[2023.02.20-14.53.55:165][  0]LogWindows: DebugString: FoundDriverCount:4 
[2023.02.20-14.53.55:165][  0]LogD3D11RHI:     Adapter Name: NVIDIA GeForce GTX 1070
[2023.02.20-14.53.55:165][  0]LogD3D11RHI:   Driver Version: 471.11 (internal:30.0.14.7111, unified:471.11)
[2023.02.20-14.53.55:165][  0]LogD3D11RHI:      Driver Date: 6-21-2021
[2023.02.20-14.53.55:165][  0]LogRHI: Texture pool is 5661 MB (70% of 8088 MB)
[2023.02.20-14.53.55:165][  0]LogD3D11RHI: Creating D3DDevice using adapter:
[2023.02.20-14.53.55:165][  0]LogD3D11RHI:     Description : NVIDIA GeForce GTX 1070
[2023.02.20-14.53.55:165][  0]LogD3D11RHI:     VendorId    : 10de
[2023.02.20-14.53.55:165][  0]LogD3D11RHI:     DeviceId    : 1b81
[2023.02.20-14.53.55:165][  0]LogD3D11RHI:     SubSysId    : 33041462
[2023.02.20-14.53.55:165][  0]LogD3D11RHI:     Revision    : 00a1
[2023.02.20-14.53.55:165][  0]LogD3D11RHI:     DedicatedVideoMemory : 8480882688 bytes
[2023.02.20-14.53.55:165][  0]LogD3D11RHI:     DedicatedSystemMemory : 0 bytes
[2023.02.20-14.53.55:165][  0]LogD3D11RHI:     SharedSystemMemory : 8561557504 bytes
[2023.02.20-14.53.55:165][  0]LogD3D11RHI:     AdapterLuid : 0 57179
[2023.02.20-14.53.55:288][  0]LogD3D11RHI: RHI has support for 64 bit atomics
[2023.02.20-14.53.55:288][  0]LogD3D11RHI: Async texture creation enabled
[2023.02.20-14.53.55:288][  0]LogD3D11RHI: Array index from any shader is supported
[2023.02.20-14.53.55:323][  0]LogD3D11RHI: GPU Timing Frequency: 1000.000000 (Debug: 2 1)
[2023.02.20-14.53.55:688][  0]LogRHI: GeForceNow SDK initialized: 1
[2023.02.20-14.53.57:112][  0]LogTargetPlatformManager: Display: Loaded TargetPlatform 'AllDesktop'
[2023.02.20-14.53.57:140][  0]LogTargetPlatformManager: Display: Loaded TargetPlatform 'Android'
[2023.02.20-14.53.57:141][  0]LogTargetPlatformManager: Display: Loaded TargetPlatform 'Android_ASTC'
[2023.02.20-14.53.57:141][  0]LogTargetPlatformManager: Display: Loaded TargetPlatform 'Android_DXT'
[2023.02.20-14.53.57:141][  0]LogTargetPlatformManager: Display: Loaded TargetPlatform 'Android_ETC2'
[2023.02.20-14.53.57:141][  0]LogTargetPlatformManager: Display: Loaded TargetPlatform 'AndroidClient'
[2023.02.20-14.53.57:141][  0]LogTargetPlatformManager: Display: Loaded TargetPlatform 'Android_ASTCClient'
[2023.02.20-14.53.57:141][  0]LogTargetPlatformManager: Display: Loaded TargetPlatform 'Android_DXTClient'
[2023.02.20-14.53.57:141][  0]LogTargetPlatformManager: Display: Loaded TargetPlatform 'Android_ETC2Client'
[2023.02.20-14.53.57:141][  0]LogTargetPlatformManager: Display: Loaded TargetPlatform 'Android_Multi'
[2023.02.20-14.53.57:141][  0]LogTargetPlatformManager: Display: Loaded TargetPlatform 'Android_MultiClient'
[2023.02.20-14.53.57:188][  0]LogTargetPlatformManager: Display: Loaded TargetPlatform 'IOSClient'
[2023.02.20-14.53.57:188][  0]LogTargetPlatformManager: Display: Loaded TargetPlatform 'IOS'
[2023.02.20-14.53.57:252][  0]LogTargetPlatformManager: Display: Loaded TargetPlatform 'Linux'
[2023.02.20-14.53.57:268][  0]LogTargetPlatformManager: Display: Loaded TargetPlatform 'LinuxNoEditor'
[2023.02.20-14.53.57:277][  0]LogTargetPlatformManager: Display: Loaded TargetPlatform 'LinuxClient'
[2023.02.20-14.53.57:293][  0]LogTargetPlatformManager: Display: Loaded TargetPlatform 'LinuxServer'
[2023.02.20-14.53.57:317][  0]LogTargetPlatformManager: Display: Loaded TargetPlatform 'LinuxAArch64NoEditor'
[2023.02.20-14.53.57:331][  0]LogTargetPlatformManager: Display: Loaded TargetPlatform 'LinuxAArch64Client'
[2023.02.20-14.53.57:345][  0]LogTargetPlatformManager: Display: Loaded TargetPlatform 'LinuxAArch64Server'
[2023.02.20-14.53.57:376][  0]LogTargetPlatformManager: Display: Loaded TargetPlatform 'Lumin'
[2023.02.20-14.53.57:376][  0]LogTargetPlatformManager: Display: Loaded TargetPlatform 'LuminClient'
[2023.02.20-14.53.57:408][  0]LogTargetPlatformManager: Display: Loaded TargetPlatform 'MacNoEditor'
[2023.02.20-14.53.57:425][  0]LogTargetPlatformManager: Display: Loaded TargetPlatform 'Mac'
[2023.02.20-14.53.57:462][  0]LogTargetPlatformManager: Display: Loaded TargetPlatform 'MacClient'
[2023.02.20-14.53.57:475][  0]LogTargetPlatformManager: Display: Loaded TargetPlatform 'MacServer'
[2023.02.20-14.53.57:495][  0]LogTargetPlatformManager: Display: Loaded TargetPlatform 'TVOSClient'
[2023.02.20-14.53.57:495][  0]LogTargetPlatformManager: Display: Loaded TargetPlatform 'TVOS'
[2023.02.20-14.53.57:509][  0]LogTargetPlatformManager: Display: Loaded TargetPlatform 'WindowsNoEditor'
[2023.02.20-14.53.57:525][  0]LogTargetPlatformManager: Display: Loaded TargetPlatform 'Windows'
[2023.02.20-14.53.57:536][  0]LogTargetPlatformManager: Display: Loaded TargetPlatform 'WindowsClient'
[2023.02.20-14.53.57:551][  0]LogTargetPlatformManager: Display: Loaded TargetPlatform 'WindowsServer'
[2023.02.20-14.53.57:551][  0]LogTargetPlatformManager: Display: Building Assets For Windows
[2023.02.20-14.53.57:625][  0]LogAudioDebug: Display: Lib vorbis DLL was dynamically loaded.
[2023.02.20-14.53.57:825][  0]LogTextureFormatOodle: Display: Oodle Texture 2.9.0 init RDO Off
[2023.02.20-14.53.58:109][  0]LogRendererCore: Ray tracing is disabled. Reason: r.RayTracing=0.
[2023.02.20-14.53.58:109][  0]LogShaderCompilers: Guid format shader working directory is 12 characters bigger than the processId version (../../../../RollingBall/RollingGame/Intermediate/Shaders/WorkingDirectory/21408/).
[2023.02.20-14.53.58:110][  0]LogShaderCompilers: Cleaned the shader compiler working directory 'C:/Users/Sinerji/AppData/Local/Temp/UnrealShaderWorkingDir/7302DF9D4DA77EEB696A43866BA647CE/'.
[2023.02.20-14.53.58:110][  0]LogXGEController: Cannot use XGE Controller as Incredibuild is not installed on this machine.
[2023.02.20-14.53.58:110][  0]LogShaderCompilers: Cannot use XGE Shader Compiler as Incredibuild is not installed on this machine.
[2023.02.20-14.53.58:110][  0]LogShaderCompilers: Display: Using Local Shader Compiler.
[2023.02.20-14.53.59:626][  0]LogDerivedDataCache: Display: Max Cache Size: 512 MB
[2023.02.20-14.53.59:864][  0]LogDerivedDataCache: Loaded boot cache 0.24s 122MB C:/Users/Sinerji/AppData/Local/UnrealEngine/4.27/DerivedDataCache/Boot.ddc.
[2023.02.20-14.53.59:864][  0]LogDerivedDataCache: Display: Loaded Boot cache: C:/Users/Sinerji/AppData/Local/UnrealEngine/4.27/DerivedDataCache/Boot.ddc
[2023.02.20-14.53.59:864][  0]LogDerivedDataCache: FDerivedDataBackendGraph:  Pak pak cache file ../../../../RollingBall/RollingGame/DerivedDataCache/DDC.ddp not found, will not use a pak cache.
[2023.02.20-14.53.59:864][  0]LogDerivedDataCache: Unable to find inner node Pak for hierarchical cache Hierarchy.
[2023.02.20-14.53.59:864][  0]LogDerivedDataCache: FDerivedDataBackendGraph:  CompressedPak pak cache file ../../../../RollingBall/RollingGame/DerivedDataCache/Compressed.ddp not found, will not use a pak cache.
[2023.02.20-14.53.59:864][  0]LogDerivedDataCache: Unable to find inner node CompressedPak for hierarchical cache Hierarchy.
[2023.02.20-14.53.59:894][  0]LogDerivedDataCache: Display: Pak cache opened for reading ../../../Engine/DerivedDataCache/Compressed.ddp.
[2023.02.20-14.53.59:894][  0]LogDerivedDataCache: FDerivedDataBackendGraph:  EnterprisePak pak cache file ../../../Enterprise/DerivedDataCache/Compressed.ddp not found, will not use a pak cache.
[2023.02.20-14.53.59:894][  0]LogDerivedDataCache: Unable to find inner node EnterprisePak for hierarchical cache Hierarchy.
[2023.02.20-14.53.59:945][  0]LogDerivedDataCache: Speed tests for C:/Users/Sinerji/AppData/Local/UnrealEngine/Common/DerivedDataCache took 0.05 seconds
[2023.02.20-14.53.59:945][  0]LogDerivedDataCache: Display: Performance to C:/Users/Sinerji/AppData/Local/UnrealEngine/Common/DerivedDataCache: Latency=0.05ms. RandomReadSpeed=21.45MBs, RandomWriteSpeed=138.39MBs. Assigned SpeedClass 'Local'
[2023.02.20-14.53.59:950][  0]LogDerivedDataCache: Using Local data cache path C:/Users/Sinerji/AppData/Local/UnrealEngine/Common/DerivedDataCache: Writable
[2023.02.20-14.53.59:950][  0]LogDerivedDataCache: Shared data cache path not found in *engine.ini, will not use an Shared cache.
[2023.02.20-14.53.59:950][  0]LogDerivedDataCache: Unable to find inner node Shared for hierarchical cache Hierarchy.
[2023.02.20-14.54.00:119][  0]LogSlate: Using FreeType 2.10.0
[2023.02.20-14.54.00:134][  0]LogSlate: SlateFontServices - WITH_FREETYPE: 1, WITH_HARFBUZZ: 1
[2023.02.20-14.54.00:545][  0]LogAssetRegistry: FAssetRegistry took 0.0025 seconds to start up
[2023.02.20-14.54.00:813][  0]LogInit: Selected Device Profile: [Windows]
[2023.02.20-14.54.00:813][  0]LogInit: Active device profile: [00000183D9684F00][00000183D7874400 49] Windows
[2023.02.20-14.54.00:813][  0]LogInit: Profiles: [00000183D9684F00][00000183D7874400 49] Windows, [00000183D9666100][00000183D787C580 49] WindowsNoEditor, [00000183D9685F00][00000183D7880700 49] WindowsServer, [00000183D9665200][00000183D7878840 49] WindowsClient, [00000183D9685200][00000183D7884980 49] IOS, [00000183D9667A00][00000183D7888AC0 49] iPadAir, [00000183D9687300][00000183D7890C40 49] iPadAir2, [00000183D961D300][00000183D7898F00 49] IPadPro, [00000183D961D400][00000183D7894F40 49] iPadAir3, [00000183D9664B00][00000183D789D0C0 49] iPadAir4, [00000183D961E100][00000183D78A1240 49] iPadMini2, [00000183D9667100][00000183D78A53C0 49] iPadMini3, [00000183D961EC00][00000183D78A9540 49] iPadMini4, [00000183D9666300][00000183D78AD6C0 49] iPadMini5, [00000183D9624E00][00000183D78B5980 49] iPhone6, [00000183D9624F00][00000183D78B19C0 49] iPodTouch6, [00000183D9687700][00000183D78BC100 49] iPhone7, [00000183D9686800][00000183D78B8140 49] iPodTouch7, [00000183D961D100][00000183D78C02C0 49] iPhone5S, [00000183D9685100][00000183D78C4440 49] iPhone6Plus, [00000183D961EA00][00000183D78C85C0 49] iPhone6S, [00000183D9685A00][00000183D78CC740 49] iPhone6SPlus, [00000183D9624100][00000183D9A9E8C0 49] iPhone7Plus, [00000183D961DD00][00000183D788CA00 49] iPhoneSE, [00000183D9624C00][00000183D9AA2B40 49] iPhone8, [00000183D961C400][00000183D9AA6C80 49] iPhone8Plus, [00000183D9626A00][00000183D9AAADC0 49] iPhoneX, [00000183D961FC00][00000183D9AB2F40 49] iPhoneXS, [00000183D9626900][00000183D9AB70C0 49] iPhoneXSMax, [00000183D961CB00][00000183D9ABB240 49] iPhoneXR, [00000183D9687800][00000183D9ABF3C0 49] iPhone11, [00000183D961FD00][00000183D9AC3540 49] iPhone11Pro, [00000183D9685B00][00000183D9AC76C0 49] iPhone11ProMax, [00000183D961D500][00000183D9ACB840 49] iPhoneSE2, [00000183D9685E00][00000183D9ACF9C0 49] iPhone12Mini, [00000183D961F100][00000183D9AD3B40 49] iPhone12, [00000183D9687400][00000183D9AD6140 49] iPhone12Pro, [00000183D961CD00][00000183D9ADA2C0 49] iPhone12ProMax, [00000183D9687C00][00000183D9ADE440 49] iPadPro105, [00000183D961F700][00000183D9AE25C0 49] iPadPro129, [00000183D9686A00][00000183D9AE6740 49] iPadPro97, [00000183D961C900][00000183D9AEA8C0 49] iPadPro2_129, [00000183D9684800][00000183D9AEEA40 49] iPad5, [00000183D961D000][00000183D9AAEB80 49] iPad6, [00000183D9684400][00000183D9AF2CC0 49] iPad7, [00000183D961EB00][00000183D9AF6E00 49] iPad8, [00000183D9687500][00000183D9AFAF40 49] iPadPro11, [00000183D961D800][00000183D9B030C0 49] iPadPro2_11, [00000183D9684900][00000183D9B07240 49] iPadPro3_129, [00000183D961E800][00000183D9B0B3C0 49] iPadPro4_129, [00000183D9686E00][00000183D9B0F540 49] AppleTV, [00000183D961FE00][00000183D9B136C0 49] AppleTV4K, [00000183D9684500][00000183D9B17840 49] TVOS, [00000183D961D700][00000183D9B1B9C0 49] Mac, [00000183D9686300][00000183D9B1FB40 49] MacClient, [00000183D961C800][00000183D9B22140 49] MacNoEditor, [00000183D9685000][00000183D9B262C0 49] MacServer, [00000183D961C500][00000183D9B2A440 49] Linux, [00000183D9686B00][00000183D9B2E5C0 49] LinuxAArch64, [00000183D961D600][00000183D9B32740 49] LinuxNoEditor, [00000183D9686100][00000183D9B368C0 49] LinuxAArch64NoEditor, [00000183D961F900][00000183D9B3AA40 49] LinuxClient, [00000183D9686600][00000183D9B3EBC0 49] LinuxAArch64Client, [00000183D961E300][00000183D9B42D40 49] LinuxServer, [00000183D9684700][00000183D9AFEE80 49] LinuxAArch64Server, [00000183D961DA00][00000183D9B46FC0 49] Android, [00000183D9686200][00000183D9B4B100 49] Android_Low, [00000183D961DC00][00000183D9B53280 49] Android_Mid, [00000183D9685300][00000183D9B57400 49] Android_High, [00000183D961CE00][00000183D9B5B580 49] Android_Default, [00000183D9687600][00000183D9B5F700 49] Android_Adreno4xx, [00000183D961CF00][00000183D9B63880 49] Android_Adreno5xx_Low, [00000183D9687B00][00000183D9B67A00 49] Android_Adreno5xx, [00000183D961FA00][00000183D9B6BB80 49] Android_Adreno6xx, [00000183D9684B00][00000183D9B6E180 49] Android_Adreno6xx_Vulkan, [00000183D961D900][00000183D9B72300 49] Android_Mali_T6xx, [00000183D9684A00][00000183D9B76480 49] Android_Mali_T7xx, [00000183D9665100][00000183D9B7A600 49] Android_Mali_T8xx, [00000183D9624500][00000183D9B7E780 49] Android_Mali_G71, [00000183D9664600][00000183D9B82900 49] Android_Mali_G72, [00000183D9624300][00000183D9B86A80 49] Android_Mali_G72_Vulkan, [00000183D9667000][00000183D9B8AC00 49] Android_Mali_G76, [00000183D9625000][00000183D9B8ED80 49] Android_Mali_G76_Vulkan, [00000183D9665D00][00000183D9B92F00 49] Android_Mali_G77, [00000183D9626F00][00000183D9B4F040 49] Android_Mali_G77_Vulkan, [00000183D9664E00][00000183D9B97180 49] Android_Mali_G78, [00000183D9627100][00000183D9B9B2C0 49] Android_Mali_G78_Vulkan, [00000183D9664800][00000183D9BA3440 49] Android_Mali_G710, [00000183D9626C00][00000183D9BA75C0 49] Android_Mali_G710_Vulkan, [00000183D9667300][00000183D9BAB740 49] Android_Vulkan_SM5, [00000183D9627500][00000183D9BAF8C0 49] Android_PowerVR_G6xxx, [00000183D9665600][00000183D9BB3A40 49] Android_PowerVR_GT7xxx, [00000183D9625D00][00000183D9BB7BC0 49] Android_PowerVR_GE8xxx, [00000183D9666A00][00000183D9BBA1C0 49] Android_PowerVR_GM9xxx, [00000183D9624800][00000183D9BBE340 49] Android_PowerVR_GM9xxx_Vulkan, [00000183D9666E00][00000183D9BC24C0 49] Android_TegraK1, [00000183D9625200][00000183D9BC6640 49] Android_Unknown_Vulkan, [00000183D9666000][00000183D9BCA7C0 49] Lumin, [00000183D9627700][00000183D9BCE940 49] Lumin_Desktop, [00000183D9666500][00000183D9BD2AC0 49] HoloLens, 
[2023.02.20-14.54.01:799][  0]LogMeshReduction: Using QuadricMeshReduction for automatic static mesh reduction
[2023.02.20-14.54.01:799][  0]LogMeshReduction: Using SimplygonMeshReduction for automatic skeletal mesh reduction
[2023.02.20-14.54.01:799][  0]LogMeshReduction: Using ProxyLODMeshReduction for automatic mesh merging
[2023.02.20-14.54.01:799][  0]LogMeshReduction: No distributed automatic mesh merging module available
[2023.02.20-14.54.01:799][  0]LogMeshMerging: No distributed automatic mesh merging module available
[2023.02.20-14.54.01:967][  0]LogNetVersion: RollingGame 1.0.0, NetCL: 17155196, EngineNetVer: 17, GameNetVer: 0 (Checksum: 4060466464)
[2023.02.20-14.54.12:158][  0]LogTexture: Default maximum texture size for cubemaps generated from long-lat sources has been changed from 512 to unlimited. In order to preserve old behaiour for '/Engine/MapTemplates/Sky/DaylightAmbientCubemap.DaylightAmbientCubemap', its maximum texture size has been explicitly set to 512.
[2023.02.20-14.54.12:764][  0]LogHMD: PokeAHoleMaterial loaded successfully
[2023.02.20-14.54.12:772][  0]LogUObjectArray: 17178 objects as part of root set at end of initial load.
[2023.02.20-14.54.12:772][  0]LogUObjectAllocator: 4302048 out of 0 bytes used by permanent object pool.
[2023.02.20-14.54.12:772][  0]LogUObjectArray: CloseDisregardForGC: 0/0 objects in disregard for GC pool
[2023.02.20-14.54.15:006][  0]LogNiagaraDebuggerClient: Niagara Debugger Client Initialized | Session: 2A19716244C8C9F077A09AAEDD3F3FE8 | Instance: 53F0B52343B6B915787855AA04213B53 (DESKTOP-CSOB8Q3-21408).
[2023.02.20-14.54.15:431][  0]LogPython: Using Python 3.7.7
[2023.02.20-14.54.16:794][  0]LogTcpMessaging: Initializing TcpMessaging bridge
[2023.02.20-14.54.16:813][  0]LogUdpMessaging: Initializing bridge on interface 0.0.0.0:0 to multicast group 230.0.0.1:6666.
[2023.02.20-14.54.18:668][  0]SourceControl: Source control is disabled
[2023.02.20-14.54.18:668][  0]SourceControl: Source control is disabled
[2023.02.20-14.54.19:013][  0]SourceControl: Source control is disabled
[2023.02.20-14.54.19:027][  0]SourceControl: Source control is disabled
[2023.02.20-14.54.19:052][  0]SourceControl: Source control is disabled
[2023.02.20-14.54.19:074][  0]LogUProjectInfo: Found projects:
[2023.02.20-14.54.19:275][  0]LogOpenImageDenoise: OIDN starting up
[2023.02.20-14.54.19:553][  0]LogAndroidPermission: UAndroidPermissionCallbackProxy::GetInstance
[2023.02.20-14.54.19:580][  0]LogAudioCaptureCore: Display: No Audio Capture implementations found. Audio input will be silent.
[2023.02.20-14.54.19:580][  0]LogAudioCaptureCore: Display: No Audio Capture implementations found. Audio input will be silent.
[2023.02.20-14.54.20:392][  0]LogCollectionManager: Loaded 0 collections in 0.001140 seconds
[2023.02.20-14.54.20:543][  0]LogFileCache: Scanning file cache for directory 'D:/RollingBall/RollingGame/Saved/Collections/' took 0.00s
[2023.02.20-14.54.20:543][  0]LogFileCache: Scanning file cache for directory 'D:/RollingBall/RollingGame/Content/Developers/Sinerji/Collections/' took 0.00s
[2023.02.20-14.54.20:543][  0]LogFileCache: Scanning file cache for directory 'D:/RollingBall/RollingGame/Content/Collections/' took 0.00s
[2023.02.20-14.54.20:543][  0]LogOcInput: OculusInput pre-init called
[2023.02.20-14.54.21:370][  0]LogEngine: Initializing Engine...
[2023.02.20-14.54.21:437][  0]LogHMD: Failed to enumerate extensions. Please check that you have a valid OpenXR runtime installed.
[2023.02.20-14.54.21:437][  0]LogHMD: Failed to initialize OpenVR with code 110
[2023.02.20-14.54.21:438][  0]LogMagicLeap: Warning: VR disabled because ZI is not enabled.  To enable, in the editor, Edit -> Project Settings -> Plugins -> Magic Leap Plugin -> Enable Zero Iteration
[2023.02.20-14.54.21:438][  0]LogStats: UGameplayTagsManager::InitializeManager -  0.000 s
[2023.02.20-14.54.22:554][  0]LogInit: Initializing FReadOnlyCVARCache
[2023.02.20-14.54.22:631][  0]LogAIModule: Creating AISystem for world Untitled
[2023.02.20-14.54.22:632][  0]LogAudio: Display: Initializing Audio Device Manager...
[2023.02.20-14.54.22:645][  0]LogAudio: Display: Loading Default Audio Settings Objects...
[2023.02.20-14.54.22:660][  0]LogAudio: Display: No default SoundConcurrencyObject specified (or failed to load).
[2023.02.20-14.54.22:660][  0]LogAudio: Display: Audio Device Manager Initialized
[2023.02.20-14.54.22:660][  0]LogAudio: Display: Creating Audio Device:                 Id: 1, Scope: Shared, Realtime: True
[2023.02.20-14.54.22:660][  0]LogAudioMixer: Display: Audio Mixer Platform Settings:
[2023.02.20-14.54.22:660][  0]LogAudioMixer: Display: 	Sample Rate:						  48000
[2023.02.20-14.54.22:660][  0]LogAudioMixer: Display: 	Callback Buffer Frame Size Requested: 1024
[2023.02.20-14.54.22:660][  0]LogAudioMixer: Display: 	Callback Buffer Frame Size To Use:	  1024
[2023.02.20-14.54.22:660][  0]LogAudioMixer: Display: 	Number of buffers to queue:			  2
[2023.02.20-14.54.22:660][  0]LogAudioMixer: Display: 	Max Channels (voices):				  32
[2023.02.20-14.54.22:660][  0]LogAudioMixer: Display: 	Number of Async Source Workers:		  0
[2023.02.20-14.54.22:660][  0]LogAudio: Display: AudioDevice MaxSources: 32
[2023.02.20-14.54.22:661][  0]LogAudio: Display: Audio Spatialization Plugin: None (built-in).
[2023.02.20-14.54.22:661][  0]LogAudio: Display: Audio Reverb Plugin: None (built-in).
[2023.02.20-14.54.22:661][  0]LogAudio: Display: Audio Occlusion Plugin: None (built-in).
[2023.02.20-14.54.22:661][  0]LogAudioMixer: Display: Initializing audio mixer.
[2023.02.20-14.54.22:701][  0]LogAudioMixer: Display: 0: FrontLeft
[2023.02.20-14.54.22:701][  0]LogAudioMixer: Display: 1: FrontRight
[2023.02.20-14.54.22:744][  0]LogAudioMixer: Display: Using Audio Device Kulaklık İşitme Bölümü (Razer Kraken 7.1 V2)
[2023.02.20-14.54.22:747][  0]LogAudioMixer: Display: Initializing Sound Submixes...
[2023.02.20-14.54.22:792][  0]LogAudioMixer: Display: Creating Master Submix 'MasterSubmixDefault'
[2023.02.20-14.54.22:792][  0]LogAudioMixer: Display: Creating Master Submix 'MasterReverbSubmixDefault'
[2023.02.20-14.54.22:793][  0]LogAudioMixer: Display: Creating Master Submix 'MasterEQSubmixDefault'
[2023.02.20-14.54.22:793][  0]LogAudioMixer: FMixerPlatformXAudio2::StartAudioStream() called
[2023.02.20-14.54.22:793][  0]LogAudioMixer: Display: Output buffers initialized: Frames=1024, Channels=2, Samples=2048
[2023.02.20-14.54.22:794][  0]LogAudioMixer: Display: Starting AudioMixerPlatformInterface::RunInternal()
[2023.02.20-14.54.22:794][  0]LogAudioMixer: Display: FMixerPlatformXAudio2::SubmitBuffer() called for the first time
[2023.02.20-14.54.22:794][  0]LogInit: FAudioDevice initialized.
[2023.02.20-14.54.22:794][  0]LogAudio: Display: Audio Device (ID: 1) registered with world 'Untitled'.
[2023.02.20-14.54.22:794][  0]LogNetVersion: Set ProjectVersion to 1.0.0.0. Version Checksum will be recalculated on next use.
[2023.02.20-14.54.22:888][  0]LogDerivedDataCache: Saved boot cache 0.09s 145MB C:/Users/Sinerji/AppData/Local/UnrealEngine/4.27/DerivedDataCache/Boot.ddc.
[2023.02.20-14.54.22:893][  0]LogInit: Texture streaming: Enabled
[2023.02.20-14.54.22:935][  0]LogAnalytics: Display: [UEEditor.Rocket.Release] APIServer = https://datarouter.ol.epicgames.com/. AppVersion = 4.27.2-18319896+++UE4+Release-4.27
[2023.02.20-14.54.22:963][  0]LogEngineSessionManager: EngineSessionManager initialized
[2023.02.20-14.54.22:963][  0]LogEditorSessionSummary: Verbose: Initializing EditorSessionSummaryWriter for editor session tracking
[2023.02.20-14.54.22:965][  0]LogEditorSessionSummary: EditorSessionSummaryWriter initialized
[2023.02.20-14.54.23:078][  0]LogInit: Transaction tracking system initialized
[2023.02.20-14.54.23:316][  0]BlueprintLog: New page: Editor Load
[2023.02.20-14.54.23:665][  0]LocalizationService: Localization service is disabled
[2023.02.20-14.54.23:836][  0]TimingProfiler: Initialize
[2023.02.20-14.54.23:837][  0]TimingProfiler: OnSessionChanged
[2023.02.20-14.54.23:837][  0]LoadingProfiler: Initialize
[2023.02.20-14.54.23:837][  0]LoadingProfiler: OnSessionChanged
[2023.02.20-14.54.23:837][  0]NetworkingProfiler: Initialize
[2023.02.20-14.54.23:837][  0]NetworkingProfiler: OnSessionChanged
[2023.02.20-14.54.23:837][  0]MemoryProfiler: Initialize
[2023.02.20-14.54.23:837][  0]MemoryProfiler: OnSessionChanged
[2023.02.20-14.54.25:295][  0]LogCook: Display: CookSettings for Memory: MemoryMaxUsedVirtual 0MiB, MemoryMaxUsedPhysical 16384MiB, MemoryMinFreeVirtual 0MiB, MemoryMinFreePhysical 1024MiB
[2023.02.20-14.54.25:295][  0]LogCook: Display: Mobile HDR setting 1
[2023.02.20-14.54.25:405][  0]LogFileCache: Scanning file cache for directory 'D:/RollingBall/RollingGame/Content/' took 0.02s
[2023.02.20-14.54.27:514][  0]LogInit: Display: Engine is initialized. Leaving FEngineLoop::Init()
[2023.02.20-14.54.27:552][  0]SourceControl: Source control is disabled
[2023.02.20-14.54.27:552][  0]LogUnrealEdMisc: Loading editor; pre map load, took 61.316
[2023.02.20-14.54.27:552][  0]Cmd: MAP LOAD FILE="../../../../RollingBall/RollingGame/Content/Maps/Level1.umap" TEMPLATE=0 SHOWPROGRESS=1 FEATURELEVEL=3
[2023.02.20-14.54.27:552][  0]LightingResults: New page: Lighting Build
[2023.02.20-14.54.27:618][  0]LogWorld: UWorld::CleanupWorld for Untitled, bSessionEnded=true, bCleanupResources=true
[2023.02.20-14.54.27:618][  0]LogSlate: InvalidateAllWidgets triggered.  All widgets were invalidated
[2023.02.20-14.54.27:618][  0]MapCheck: New page: Map Check
[2023.02.20-14.54.27:618][  0]LightingResults: New page: Lighting Build
[2023.02.20-14.54.27:622][  0]LogAudio: Display: Audio Device unregistered from world 'None'.
[2023.02.20-14.54.27:624][  0]LogUObjectHash: Compacting FUObjectHashTables data took   1.04ms
[2023.02.20-14.54.28:092][  0]LogAudio: Display: Audio Device (ID: 1) registered with world 'Level1'.
[2023.02.20-14.54.28:093][  0]LogAIModule: Creating AISystem for world Level1
[2023.02.20-14.54.28:165][  0]LogEditorServer: Finished looking for orphan Actors (0.000 secs)
[2023.02.20-14.54.28:201][  0]LogUObjectHash: Compacting FUObjectHashTables data took   0.89ms
[2023.02.20-14.54.28:202][  0]Cmd: MAP CHECKDEP NOCLEARLOG
[2023.02.20-14.54.28:202][  0]MapCheck: Map check complete: 0 Error(s), 0 Warning(s), took 0,122ms to complete.
[2023.02.20-14.54.28:202][  0]LogFileHelpers: Loading map 'Level1' took 0.651
[2023.02.20-14.54.28:272][  0]LogUnrealEdMisc: Total Editor Startup Time, took 62.036
[2023.02.20-14.54.28:402][  0]LogSlate: Updating window title bar state: overlay mode, drag disabled, window buttons hidden, title bar hidden
[2023.02.20-14.54.28:409][  0]LogSlate: Updating window title bar state: overlay mode, drag disabled, window buttons hidden, title bar hidden
[2023.02.20-14.54.28:414][  0]LogSlate: Updating window title bar state: overlay mode, drag disabled, window buttons hidden, title bar hidden
[2023.02.20-14.54.28:420][  0]LogSlate: Updating window title bar state: overlay mode, drag disabled, window buttons hidden, title bar hidden
[2023.02.20-14.54.28:460][  0]LogNativeClassHierarchy: Verbose: Native class hierarchy populated in 0.0091 seconds. Added 3822 classes and 928 folders.
[2023.02.20-14.54.28:471][  0]LogNativeClassHierarchy: Verbose: Native class hierarchy updated for 'WidgetCarousel' in 0.0002 seconds. Added 0 classes and 0 folders.
[2023.02.20-14.54.28:473][  0]LogPakFile: PakFile PrimaryIndexSize=187
[2023.02.20-14.54.28:473][  0]LogPakFile: PakFile PathHashIndexSize=101
[2023.02.20-14.54.28:473][  0]LogPakFile: PakFile FullDirectoryIndexSize=148
[2023.02.20-14.54.28:474][  0]LogShaderLibrary: Display: ShaderCodeLibraryPakFileMountedCallback: PakFile 'D:/UE_4.27/FeaturePacks/FP_FirstPerson.upack' (chunk index -1, root 'root:/') mounted
[2023.02.20-14.54.28:474][  0]LogShaderLibrary: Display: ShaderCodeLibraryPakFileMountedCallback: pending pak file info (ChunkID:-1 Root:root:/ File:D:/UE_4.27/FeaturePacks/FP_FirstPerson.upack)
[2023.02.20-14.54.28:474][  0]LogPakFile: OnPakFileMounted2Time == 0.000070
[2023.02.20-14.54.28:475][  0]LogPakFile: PakFile PrimaryIndexSize=189
[2023.02.20-14.54.28:475][  0]LogPakFile: PakFile PathHashIndexSize=101
[2023.02.20-14.54.28:475][  0]LogPakFile: PakFile FullDirectoryIndexSize=152
[2023.02.20-14.54.28:475][  0]LogShaderLibrary: Display: ShaderCodeLibraryPakFileMountedCallback: PakFile 'D:/UE_4.27/FeaturePacks/FP_FirstPersonBP.upack' (chunk index -1, root 'root:/') mounted
[2023.02.20-14.54.28:475][  0]LogShaderLibrary: Display: ShaderCodeLibraryPakFileMountedCallback: pending pak file info (ChunkID:-1 Root:root:/ File:D:/UE_4.27/FeaturePacks/FP_FirstPersonBP.upack)
[2023.02.20-14.54.28:475][  0]LogPakFile: OnPakFileMounted2Time == 0.000051
[2023.02.20-14.54.28:476][  0]LogPakFile: PakFile PrimaryIndexSize=191
[2023.02.20-14.54.28:476][  0]LogPakFile: PakFile PathHashIndexSize=101
[2023.02.20-14.54.28:476][  0]LogPakFile: PakFile FullDirectoryIndexSize=160
[2023.02.20-14.54.28:476][  0]LogShaderLibrary: Display: ShaderCodeLibraryPakFileMountedCallback: PakFile 'D:/UE_4.27/FeaturePacks/MobileStarterContent.upack' (chunk index -1, root 'root:/') mounted
[2023.02.20-14.54.28:476][  0]LogShaderLibrary: Display: ShaderCodeLibraryPakFileMountedCallback: pending pak file info (ChunkID:-1 Root:root:/ File:D:/UE_4.27/FeaturePacks/MobileStarterContent.upack)
[2023.02.20-14.54.28:476][  0]LogPakFile: OnPakFileMounted2Time == 0.000082
[2023.02.20-14.54.28:477][  0]LogPakFile: PakFile PrimaryIndexSize=185
[2023.02.20-14.54.28:477][  0]LogPakFile: PakFile PathHashIndexSize=101
[2023.02.20-14.54.28:477][  0]LogPakFile: PakFile FullDirectoryIndexSize=148
[2023.02.20-14.54.28:477][  0]LogShaderLibrary: Display: ShaderCodeLibraryPakFileMountedCallback: PakFile 'D:/UE_4.27/FeaturePacks/StarterContent.upack' (chunk index -1, root 'root:/') mounted
[2023.02.20-14.54.28:477][  0]LogShaderLibrary: Display: ShaderCodeLibraryPakFileMountedCallback: pending pak file info (ChunkID:-1 Root:root:/ File:D:/UE_4.27/FeaturePacks/StarterContent.upack)
[2023.02.20-14.54.28:477][  0]LogPakFile: OnPakFileMounted2Time == 0.000035
[2023.02.20-14.54.28:478][  0]LogPakFile: PakFile PrimaryIndexSize=190
[2023.02.20-14.54.28:478][  0]LogPakFile: PakFile PathHashIndexSize=101
[2023.02.20-14.54.28:478][  0]LogPakFile: PakFile FullDirectoryIndexSize=154
[2023.02.20-14.54.28:478][  0]LogShaderLibrary: Display: ShaderCodeLibraryPakFileMountedCallback: PakFile 'D:/UE_4.27/FeaturePacks/TP_2DSideScroller.upack' (chunk index -1, root 'root:/') mounted
[2023.02.20-14.54.28:478][  0]LogShaderLibrary: Display: ShaderCodeLibraryPakFileMountedCallback: pending pak file info (ChunkID:-1 Root:root:/ File:D:/UE_4.27/FeaturePacks/TP_2DSideScroller.upack)
[2023.02.20-14.54.28:478][  0]LogPakFile: OnPakFileMounted2Time == 0.000031
[2023.02.20-14.54.28:479][  0]LogPakFile: PakFile PrimaryIndexSize=192
[2023.02.20-14.54.28:479][  0]LogPakFile: PakFile PathHashIndexSize=101
[2023.02.20-14.54.28:479][  0]LogPakFile: PakFile FullDirectoryIndexSize=158
[2023.02.20-14.54.28:479][  0]LogShaderLibrary: Display: ShaderCodeLibraryPakFileMountedCallback: PakFile 'D:/UE_4.27/FeaturePacks/TP_2DSideScrollerBP.upack' (chunk index -1, root 'root:/') mounted
[2023.02.20-14.54.28:479][  0]LogShaderLibrary: Display: ShaderCodeLibraryPakFileMountedCallback: pending pak file info (ChunkID:-1 Root:root:/ File:D:/UE_4.27/FeaturePacks/TP_2DSideScrollerBP.upack)
[2023.02.20-14.54.28:479][  0]LogPakFile: OnPakFileMounted2Time == 0.000031
[2023.02.20-14.54.28:479][  0]LogPakFile: PakFile PrimaryIndexSize=182
[2023.02.20-14.54.28:479][  0]LogPakFile: PakFile PathHashIndexSize=101
[2023.02.20-14.54.28:480][  0]LogPakFile: PakFile FullDirectoryIndexSize=138
[2023.02.20-14.54.28:480][  0]LogShaderLibrary: Display: ShaderCodeLibraryPakFileMountedCallback: PakFile 'D:/UE_4.27/FeaturePacks/TP_Flying.upack' (chunk index -1, root 'root:/') mounted
[2023.02.20-14.54.28:480][  0]LogShaderLibrary: Display: ShaderCodeLibraryPakFileMountedCallback: pending pak file info (ChunkID:-1 Root:root:/ File:D:/UE_4.27/FeaturePacks/TP_Flying.upack)
[2023.02.20-14.54.28:480][  0]LogPakFile: OnPakFileMounted2Time == 0.000031
[2023.02.20-14.54.28:480][  0]LogPakFile: PakFile PrimaryIndexSize=184
[2023.02.20-14.54.28:480][  0]LogPakFile: PakFile PathHashIndexSize=101
[2023.02.20-14.54.28:480][  0]LogPakFile: PakFile FullDirectoryIndexSize=142
[2023.02.20-14.54.28:480][  0]LogShaderLibrary: Display: ShaderCodeLibraryPakFileMountedCallback: PakFile 'D:/UE_4.27/FeaturePacks/TP_FlyingBP.upack' (chunk index -1, root 'root:/') mounted
[2023.02.20-14.54.28:480][  0]LogShaderLibrary: Display: ShaderCodeLibraryPakFileMountedCallback: pending pak file info (ChunkID:-1 Root:root:/ File:D:/UE_4.27/FeaturePacks/TP_FlyingBP.upack)
[2023.02.20-14.54.28:480][  0]LogPakFile: OnPakFileMounted2Time == 0.000031
[2023.02.20-14.54.28:481][  0]LogPakFile: PakFile PrimaryIndexSize=188
[2023.02.20-14.54.28:481][  0]LogPakFile: PakFile PathHashIndexSize=101
[2023.02.20-14.54.28:481][  0]LogPakFile: PakFile FullDirectoryIndexSize=150
[2023.02.20-14.54.28:481][  0]LogShaderLibrary: Display: ShaderCodeLibraryPakFileMountedCallback: PakFile 'D:/UE_4.27/FeaturePacks/TP_HandheldARBP.upack' (chunk index -1, root 'root:/') mounted
[2023.02.20-14.54.28:481][  0]LogShaderLibrary: Display: ShaderCodeLibraryPakFileMountedCallback: pending pak file info (ChunkID:-1 Root:root:/ File:D:/UE_4.27/FeaturePacks/TP_HandheldARBP.upack)
[2023.02.20-14.54.28:481][  0]LogPakFile: OnPakFileMounted2Time == 0.000032
[2023.02.20-14.54.28:482][  0]LogPakFile: PakFile PrimaryIndexSize=182
[2023.02.20-14.54.28:482][  0]LogPakFile: PakFile PathHashIndexSize=101
[2023.02.20-14.54.28:482][  0]LogPakFile: PakFile FullDirectoryIndexSize=138
[2023.02.20-14.54.28:482][  0]LogShaderLibrary: Display: ShaderCodeLibraryPakFileMountedCallback: PakFile 'D:/UE_4.27/FeaturePacks/TP_Puzzle.upack' (chunk index -1, root 'root:/') mounted
[2023.02.20-14.54.28:482][  0]LogShaderLibrary: Display: ShaderCodeLibraryPakFileMountedCallback: pending pak file info (ChunkID:-1 Root:root:/ File:D:/UE_4.27/FeaturePacks/TP_Puzzle.upack)
[2023.02.20-14.54.28:482][  0]LogPakFile: OnPakFileMounted2Time == 0.000031
[2023.02.20-14.54.28:483][  0]LogPakFile: PakFile PrimaryIndexSize=184
[2023.02.20-14.54.28:483][  0]LogPakFile: PakFile PathHashIndexSize=101
[2023.02.20-14.54.28:483][  0]LogPakFile: PakFile FullDirectoryIndexSize=142
[2023.02.20-14.54.28:483][  0]LogShaderLibrary: Display: ShaderCodeLibraryPakFileMountedCallback: PakFile 'D:/UE_4.27/FeaturePacks/TP_PuzzleBP.upack' (chunk index -1, root 'root:/') mounted
[2023.02.20-14.54.28:483][  0]LogShaderLibrary: Display: ShaderCodeLibraryPakFileMountedCallback: pending pak file info (ChunkID:-1 Root:root:/ File:D:/UE_4.27/FeaturePacks/TP_PuzzleBP.upack)
[2023.02.20-14.54.28:483][  0]LogPakFile: OnPakFileMounted2Time == 0.000031
[2023.02.20-14.54.28:484][  0]LogPakFile: PakFile PrimaryIndexSize=183
[2023.02.20-14.54.28:484][  0]LogPakFile: PakFile PathHashIndexSize=101
[2023.02.20-14.54.28:484][  0]LogPakFile: PakFile FullDirectoryIndexSize=140
[2023.02.20-14.54.28:484][  0]LogShaderLibrary: Display: ShaderCodeLibraryPakFileMountedCallback: PakFile 'D:/UE_4.27/FeaturePacks/TP_Rolling.upack' (chunk index -1, root 'root:/') mounted
[2023.02.20-14.54.28:484][  0]LogShaderLibrary: Display: ShaderCodeLibraryPakFileMountedCallback: pending pak file info (ChunkID:-1 Root:root:/ File:D:/UE_4.27/FeaturePacks/TP_Rolling.upack)
[2023.02.20-14.54.28:484][  0]LogPakFile: OnPakFileMounted2Time == 0.000031
[2023.02.20-14.54.28:485][  0]LogPakFile: PakFile PrimaryIndexSize=185
[2023.02.20-14.54.28:485][  0]LogPakFile: PakFile PathHashIndexSize=101
[2023.02.20-14.54.28:485][  0]LogPakFile: PakFile FullDirectoryIndexSize=144
[2023.02.20-14.54.28:485][  0]LogShaderLibrary: Display: ShaderCodeLibraryPakFileMountedCallback: PakFile 'D:/UE_4.27/FeaturePacks/TP_RollingBP.upack' (chunk index -1, root 'root:/') mounted
[2023.02.20-14.54.28:485][  0]LogShaderLibrary: Display: ShaderCodeLibraryPakFileMountedCallback: pending pak file info (ChunkID:-1 Root:root:/ File:D:/UE_4.27/FeaturePacks/TP_RollingBP.upack)
[2023.02.20-14.54.28:485][  0]LogPakFile: OnPakFileMounted2Time == 0.000031
[2023.02.20-14.54.28:485][  0]LogPakFile: PakFile PrimaryIndexSize=188
[2023.02.20-14.54.28:485][  0]LogPakFile: PakFile PathHashIndexSize=101
[2023.02.20-14.54.28:485][  0]LogPakFile: PakFile FullDirectoryIndexSize=150
[2023.02.20-14.54.28:485][  0]LogShaderLibrary: Display: ShaderCodeLibraryPakFileMountedCallback: PakFile 'D:/UE_4.27/FeaturePacks/TP_SideScroller.upack' (chunk index -1, root 'root:/') mounted
[2023.02.20-14.54.28:485][  0]LogShaderLibrary: Display: ShaderCodeLibraryPakFileMountedCallback: pending pak file info (ChunkID:-1 Root:root:/ File:D:/UE_4.27/FeaturePacks/TP_SideScroller.upack)
[2023.02.20-14.54.28:485][  0]LogPakFile: OnPakFileMounted2Time == 0.000031
[2023.02.20-14.54.28:486][  0]LogPakFile: PakFile PrimaryIndexSize=190
[2023.02.20-14.54.28:486][  0]LogPakFile: PakFile PathHashIndexSize=101
[2023.02.20-14.54.28:486][  0]LogPakFile: PakFile FullDirectoryIndexSize=154
[2023.02.20-14.54.28:486][  0]LogShaderLibrary: Display: ShaderCodeLibraryPakFileMountedCallback: PakFile 'D:/UE_4.27/FeaturePacks/TP_SideScrollerBP.upack' (chunk index -1, root 'root:/') mounted
[2023.02.20-14.54.28:486][  0]LogShaderLibrary: Display: ShaderCodeLibraryPakFileMountedCallback: pending pak file info (ChunkID:-1 Root:root:/ File:D:/UE_4.27/FeaturePacks/TP_SideScrollerBP.upack)
[2023.02.20-14.54.28:486][  0]LogPakFile: OnPakFileMounted2Time == 0.000031
[2023.02.20-14.54.28:487][  0]LogPakFile: PakFile PrimaryIndexSize=187
[2023.02.20-14.54.28:487][  0]LogPakFile: PakFile PathHashIndexSize=101
[2023.02.20-14.54.28:487][  0]LogPakFile: PakFile FullDirectoryIndexSize=148
[2023.02.20-14.54.28:487][  0]LogShaderLibrary: Display: ShaderCodeLibraryPakFileMountedCallback: PakFile 'D:/UE_4.27/FeaturePacks/TP_ThirdPerson.upack' (chunk index -1, root 'root:/') mounted
[2023.02.20-14.54.28:487][  0]LogShaderLibrary: Display: ShaderCodeLibraryPakFileMountedCallback: pending pak file info (ChunkID:-1 Root:root:/ File:D:/UE_4.27/FeaturePacks/TP_ThirdPerson.upack)
[2023.02.20-14.54.28:487][  0]LogPakFile: OnPakFileMounted2Time == 0.000046
[2023.02.20-14.54.28:488][  0]LogPakFile: PakFile PrimaryIndexSize=189
[2023.02.20-14.54.28:488][  0]LogPakFile: PakFile PathHashIndexSize=101
[2023.02.20-14.54.28:488][  0]LogPakFile: PakFile FullDirectoryIndexSize=152
[2023.02.20-14.54.28:488][  0]LogShaderLibrary: Display: ShaderCodeLibraryPakFileMountedCallback: PakFile 'D:/UE_4.27/FeaturePacks/TP_ThirdPersonBP.upack' (chunk index -1, root 'root:/') mounted
[2023.02.20-14.54.28:488][  0]LogShaderLibrary: Display: ShaderCodeLibraryPakFileMountedCallback: pending pak file info (ChunkID:-1 Root:root:/ File:D:/UE_4.27/FeaturePacks/TP_ThirdPersonBP.upack)
[2023.02.20-14.54.28:488][  0]LogPakFile: OnPakFileMounted2Time == 0.000033
[2023.02.20-14.54.28:489][  0]LogPakFile: PakFile PrimaryIndexSize=183
[2023.02.20-14.54.28:489][  0]LogPakFile: PakFile PathHashIndexSize=101
[2023.02.20-14.54.28:489][  0]LogPakFile: PakFile FullDirectoryIndexSize=140
[2023.02.20-14.54.28:489][  0]LogShaderLibrary: Display: ShaderCodeLibraryPakFileMountedCallback: PakFile 'D:/UE_4.27/FeaturePacks/TP_TopDown.upack' (chunk index -1, root 'root:/') mounted
[2023.02.20-14.54.28:489][  0]LogShaderLibrary: Display: ShaderCodeLibraryPakFileMountedCallback: pending pak file info (ChunkID:-1 Root:root:/ File:D:/UE_4.27/FeaturePacks/TP_TopDown.upack)
[2023.02.20-14.54.28:489][  0]LogPakFile: OnPakFileMounted2Time == 0.000037
[2023.02.20-14.54.28:490][  0]LogPakFile: PakFile PrimaryIndexSize=185
[2023.02.20-14.54.28:490][  0]LogPakFile: PakFile PathHashIndexSize=101
[2023.02.20-14.54.28:490][  0]LogPakFile: PakFile FullDirectoryIndexSize=144
[2023.02.20-14.54.28:490][  0]LogShaderLibrary: Display: ShaderCodeLibraryPakFileMountedCallback: PakFile 'D:/UE_4.27/FeaturePacks/TP_TopDownBP.upack' (chunk index -1, root 'root:/') mounted
[2023.02.20-14.54.28:490][  0]LogShaderLibrary: Display: ShaderCodeLibraryPakFileMountedCallback: pending pak file info (ChunkID:-1 Root:root:/ File:D:/UE_4.27/FeaturePacks/TP_TopDownBP.upack)
[2023.02.20-14.54.28:490][  0]LogPakFile: OnPakFileMounted2Time == 0.000031
[2023.02.20-14.54.28:491][  0]LogPakFile: PakFile PrimaryIndexSize=185
[2023.02.20-14.54.28:491][  0]LogPakFile: PakFile PathHashIndexSize=101
[2023.02.20-14.54.28:491][  0]LogPakFile: PakFile FullDirectoryIndexSize=144
[2023.02.20-14.54.28:491][  0]LogShaderLibrary: Display: ShaderCodeLibraryPakFileMountedCallback: PakFile 'D:/UE_4.27/FeaturePacks/TP_TwinStick.upack' (chunk index -1, root 'root:/') mounted
[2023.02.20-14.54.28:491][  0]LogShaderLibrary: Display: ShaderCodeLibraryPakFileMountedCallback: pending pak file info (ChunkID:-1 Root:root:/ File:D:/UE_4.27/FeaturePacks/TP_TwinStick.upack)
[2023.02.20-14.54.28:491][  0]LogPakFile: OnPakFileMounted2Time == 0.000034
[2023.02.20-14.54.28:492][  0]LogPakFile: PakFile PrimaryIndexSize=187
[2023.02.20-14.54.28:492][  0]LogPakFile: PakFile PathHashIndexSize=101
[2023.02.20-14.54.28:492][  0]LogPakFile: PakFile FullDirectoryIndexSize=148
[2023.02.20-14.54.28:492][  0]LogShaderLibrary: Display: ShaderCodeLibraryPakFileMountedCallback: PakFile 'D:/UE_4.27/FeaturePacks/TP_TwinStickBP.upack' (chunk index -1, root 'root:/') mounted
[2023.02.20-14.54.28:492][  0]LogShaderLibrary: Display: ShaderCodeLibraryPakFileMountedCallback: pending pak file info (ChunkID:-1 Root:root:/ File:D:/UE_4.27/FeaturePacks/TP_TwinStickBP.upack)
[2023.02.20-14.54.28:492][  0]LogPakFile: OnPakFileMounted2Time == 0.000039
[2023.02.20-14.54.28:493][  0]LogPakFile: PakFile PrimaryIndexSize=183
[2023.02.20-14.54.28:493][  0]LogPakFile: PakFile PathHashIndexSize=101
[2023.02.20-14.54.28:493][  0]LogPakFile: PakFile FullDirectoryIndexSize=140
[2023.02.20-14.54.28:493][  0]LogShaderLibrary: Display: ShaderCodeLibraryPakFileMountedCallback: PakFile 'D:/UE_4.27/FeaturePacks/TP_Vehicle.upack' (chunk index -1, root 'root:/') mounted
[2023.02.20-14.54.28:493][  0]LogShaderLibrary: Display: ShaderCodeLibraryPakFileMountedCallback: pending pak file info (ChunkID:-1 Root:root:/ File:D:/UE_4.27/FeaturePacks/TP_Vehicle.upack)
[2023.02.20-14.54.28:493][  0]LogPakFile: OnPakFileMounted2Time == 0.000032
[2023.02.20-14.54.28:494][  0]LogPakFile: PakFile PrimaryIndexSize=186
[2023.02.20-14.54.28:494][  0]LogPakFile: PakFile PathHashIndexSize=101
[2023.02.20-14.54.28:494][  0]LogPakFile: PakFile FullDirectoryIndexSize=146
[2023.02.20-14.54.28:494][  0]LogShaderLibrary: Display: ShaderCodeLibraryPakFileMountedCallback: PakFile 'D:/UE_4.27/FeaturePacks/TP_VehicleAdv.upack' (chunk index -1, root 'root:/') mounted
[2023.02.20-14.54.28:494][  0]LogShaderLibrary: Display: ShaderCodeLibraryPakFileMountedCallback: pending pak file info (ChunkID:-1 Root:root:/ File:D:/UE_4.27/FeaturePacks/TP_VehicleAdv.upack)
[2023.02.20-14.54.28:494][  0]LogPakFile: OnPakFileMounted2Time == 0.000032
[2023.02.20-14.54.28:495][  0]LogPakFile: PakFile PrimaryIndexSize=188
[2023.02.20-14.54.28:495][  0]LogPakFile: PakFile PathHashIndexSize=101
[2023.02.20-14.54.28:495][  0]LogPakFile: PakFile FullDirectoryIndexSize=150
[2023.02.20-14.54.28:495][  0]LogShaderLibrary: Display: ShaderCodeLibraryPakFileMountedCallback: PakFile 'D:/UE_4.27/FeaturePacks/TP_VehicleAdvBP.upack' (chunk index -1, root 'root:/') mounted
[2023.02.20-14.54.28:495][  0]LogShaderLibrary: Display: ShaderCodeLibraryPakFileMountedCallback: pending pak file info (ChunkID:-1 Root:root:/ File:D:/UE_4.27/FeaturePacks/TP_VehicleAdvBP.upack)
[2023.02.20-14.54.28:495][  0]LogPakFile: OnPakFileMounted2Time == 0.000031
[2023.02.20-14.54.28:495][  0]LogPakFile: PakFile PrimaryIndexSize=185
[2023.02.20-14.54.28:495][  0]LogPakFile: PakFile PathHashIndexSize=101
[2023.02.20-14.54.28:495][  0]LogPakFile: PakFile FullDirectoryIndexSize=144
[2023.02.20-14.54.28:495][  0]LogShaderLibrary: Display: ShaderCodeLibraryPakFileMountedCallback: PakFile 'D:/UE_4.27/FeaturePacks/TP_VehicleBP.upack' (chunk index -1, root 'root:/') mounted
[2023.02.20-14.54.28:495][  0]LogShaderLibrary: Display: ShaderCodeLibraryPakFileMountedCallback: pending pak file info (ChunkID:-1 Root:root:/ File:D:/UE_4.27/FeaturePacks/TP_VehicleBP.upack)
[2023.02.20-14.54.28:495][  0]LogPakFile: OnPakFileMounted2Time == 0.000031
[2023.02.20-14.54.28:496][  0]LogPakFile: PakFile PrimaryIndexSize=192
[2023.02.20-14.54.28:496][  0]LogPakFile: PakFile PathHashIndexSize=101
[2023.02.20-14.54.28:496][  0]LogPakFile: PakFile FullDirectoryIndexSize=158
[2023.02.20-14.54.28:496][  0]LogShaderLibrary: Display: ShaderCodeLibraryPakFileMountedCallback: PakFile 'D:/UE_4.27/FeaturePacks/TP_VirtualRealityBP.upack' (chunk index -1, root 'root:/') mounted
[2023.02.20-14.54.28:496][  0]LogShaderLibrary: Display: ShaderCodeLibraryPakFileMountedCallback: pending pak file info (ChunkID:-1 Root:root:/ File:D:/UE_4.27/FeaturePacks/TP_VirtualRealityBP.upack)
[2023.02.20-14.54.28:496][  0]LogPakFile: OnPakFileMounted2Time == 0.000031
[2023.02.20-14.54.28:579][  0]LogNativeClassHierarchy: Verbose: Native class hierarchy updated for 'AddContentDialog' in 0.0002 seconds. Added 0 classes and 0 folders.
[2023.02.20-14.54.28:588][  0]LogNativeClassHierarchy: Verbose: Native class hierarchy updated for 'SceneOutliner' in 0.0003 seconds. Added 2 classes and 0 folders.
[2023.02.20-14.54.28:622][  0]LogNativeClassHierarchy: Verbose: Native class hierarchy updated for 'WorldBrowser' in 0.0003 seconds. Added 2 classes and 3 folders.
[2023.02.20-14.54.28:692][  0]LogSlate: Took 0.000283 seconds to synchronously load lazily loaded font '../../../Engine/Content/Slate/Fonts/Roboto-Regular.ttf' (155K)
[2023.02.20-14.54.28:693][  0]LogSlate: Took 0.000272 seconds to synchronously load lazily loaded font '../../../Engine/Content/Editor/Slate/Fonts/FontAwesome.ttf' (139K)
[2023.02.20-14.54.28:694][  0]LogSlate: Took 0.000145 seconds to synchronously load lazily loaded font '../../../Engine/Content/Slate/Fonts/Roboto-Bold.ttf' (160K)
[2023.02.20-14.54.28:801][  0]LogRenderer: Reallocating scene render targets to support 1228x580 Format 10 NumSamples 1 (Frame:1).
[2023.02.20-14.54.29:131][  0]LogNativeClassHierarchy: Verbose: Native class hierarchy updated for 'HierarchicalLODOutliner' in 0.0002 seconds. Added 0 classes and 0 folders.
[2023.02.20-14.54.29:131][  0]LogLoad: (Engine Initialization) Total time: 62.89 seconds
[2023.02.20-14.54.29:131][  0]LogLoad: (Engine Initialization) Total Blueprint compile time: 0.00 seconds
[2023.02.20-14.54.29:175][  0]LogAssetRegistry: Asset discovery search completed in 28.6315 seconds
[2023.02.20-14.54.29:181][  0]LogCollectionManager: Fixed up redirectors for 0 collections in 0.000004 seconds (updated 0 objects)
[2023.02.20-14.54.29:182][  0]LogContentStreaming: Texture pool size now 1000 MB
[2023.02.20-14.54.29:845][  2]LogSlate: Took 0.000267 seconds to synchronously load lazily loaded font '../../../Engine/Content/Slate/Fonts/Roboto-Light.ttf' (167K)
[2023.02.20-14.54.30:487][  4]LogSlate: Took 0.000225 seconds to synchronously load lazily loaded font '../../../Engine/Content/Slate/Fonts/Roboto-Light.ttf' (167K)
